1178831179;true;1.0;-1
4
0	1	3	3	3	3	979	1292	1292	1292	1292	
1	1	3	3	3	3	980	1292	1292	1292	1292	
2	1	3	3	3	3	981	1292	1292	1292	1292	
3	1	3	3	3	3	982	1292	1292	1292	1292	
4	1	3	3	3	3	983	1292	1292	1292	1292	
5	1	3	3	3	3	984	1292	1292	1292	1292	
6	1	3	3	3	3	985	1292	1292	1292	1292	
7	1	3	3	3	3	986	1292	1292	1292	1292	
8	1	3	3	3	3	987	1292	1292	1292	1292	
9	1	3	3	3	3	988	1292	1292	1292	1292	
10	1	3	3	3	3	989	1292	1292	1292	1292	
11	1	3	3	3	3	990	1292	1292	1292	1292	
12	1	3	3	3	3	991	1292	1292	1292	1292	
13	1	3	3	3	3	992	1292	1292	1292	1292	
14	1	3	3	3	3	993	1292	1292	1292	1292	
15	1	3	3	3	3	994	1292	1292	1292	1292	
16	1	3	3	3	3	995	1292	1292	1292	1292	
17	1	3	3	3	3	996	1292	1292	1292	1292	
18	0	3	3	3	3	926	1292	1292	1292	1292	
19	0	3	3	3	3	922	1292	1292	1292	1292	
20	0	3	3	3	3	918	1292	1292	1292	1292	
21	0	3	3	3	3	914	1292	1292	1292	1292	
22	0	3	3	3	3	910	1292	1292	1292	1292	
23	0	3	3	3	3	906	1292	1292	1292	1292	
24	0	3	3	3	3	902	1292	1292	1292	1292	
25	0	3	3	3	3	898	1292	1292	1292	1292	
26	0	3	3	3	3	894	1292	1292	1292	1292	
27	0	3	3	3	3	890	1292	1292	1292	1292	
28	0	3	3	3	3	886	1292	1292	1292	1292	
29	0	3	3	3	3	859	1292	1292	1292	1292	
30	1	3	3	3	3	860	1292	1292	1292	1292	
31	1	3	3	3	3	861	1292	1292	1292	1292	
32	1	3	3	3	3	862	1292	1292	1292	1292	
33	1	3	3	3	3	863	1292	1292	1292	1292	
34	1	3	3	3	3	864	1292	1292	1292	1292	
35	1	3	3	3	3	865	1292	1292	1292	1292	
36	1	3	3	3	3	866	1292	1292	1292	1292	
37	1	3	3	3	3	867	1292	1292	1292	1292	
38	1	3	3	3	3	868	1292	1292	1292	1292	
39	1	3	3	3	3	869	1292	1292	1292	1292	
40	1	3	3	3	3	870	497	1292	1292	1292	
41	1	3	3	3	3	871	496	1292	1292	1292	
42	1	3	3	3	3	872	495	1292	1292	1292	
43	1	3	3	3	3	873	494	1292	1292	1292	
44	1	3	3	3	3	874	493	1292	1292	1292	
45	1	3	3	3	3	875	492	1292	1292	1292	
46	1	3	3	3	3	876	491	1292	1292	1292	
47	1	3	3	3	3	877	490	1292	1292	1292	
48	1	3	3	3	3	878	489	1292	1292	1292	
49	1	3	3	3	3	879	488	1292	1292	1292	
50	1	3	3	3	3	880	487	1292	1292	1292	
51	1	3	3	3	3	881	486	1292	1292	1292	
52	1	3	3	3	3	882	485	1292	1292	1292	
53	1	3	3	3	3	883	484	1292	1292	1292	
54	0	3	3	3	3	809	483	1292	1292	1292	
55	0	3	3	3	3	805	482	1292	1292	1292	
56	0	3	3	3	3	801	481	1292	1292	1292	
57	0	3	3	3	3	797	480	1292	1292	1292	
58	0	2	3	3	3	793	542	1292	1292	1292	
59	0	2	3	3	3	789	546	1292	1292	1292	
60	0	2	3	3	3	785	550	497	1292	1292	
61	0	2	3	3	3	781	554	496	1292	1292	
62	0	2	3	3	3	777	558	495	1292	1292	
63	0	2	3	3	3	773	562	494	1292	1292	
64	0	2	3	3	3	769	566	493	1292	1292	
65	0	2	3	3	3	753	570	492	1292	1292	
66	0	2	3	3	3	678	574	491	1292	1292	
67	0	2	3	3	3	672	578	490	1292	1292	
68	0	2	3	3	3	666	582	489	1292	1292	
69	0	2	3	3	3	660	598	488	1292	1292	
70	0	2	3	3	3	654	615	487	1292	1292	
71	0	2	3	3	3	648	621	486	1292	1292	
72	0	2	3	3	3	642	627	485	1292	1292	
73	0	2	3	3	3	636	633	484	1292	1292	
74	0	2	3	3	3	630	639	483	1292	1292	
75	0	2	3	3	3	624	645	482	1292	1292	
76	0	2	3	3	3	618	651	481	1292	1292	
77	0	2	3	3	3	612	657	480	1292	1292	
78	0	2	0	3	3	584	663	453	1292	1292	
79	0	2	0	3	3	580	669	449	1292	1292	
80	0	2	0	3	3	576	675	445	497	1292	
81	0	2	0	3	3	572	704	441	496	1292	
82	0	1	0	3	3	568	705	437	495	1292	
83	0	1	0	3	3	564	706	433	494	1292	
84	0	1	0	3	3	560	707	429	493	1292	
85	0	1	0	3	3	556	708	425	492	1292	
86	0	1	0	3	3	552	709	421	491	1292	
87	0	1	0	3	3	548	710	417	490	1292	
88	0	1	0	3	3	544	711	413	489	1292	
89	0	1	0	3	3	540	712	361	488	1292	
90	0	1	1	3	3	455	713	362	487	1292	
91	0	1	1	3	3	451	714	363	486	1292	
92	0	1	1	3	3	447	715	364	485	1292	
93	0	1	1	3	3	443	716	365	484	1292	
94	0	1	1	3	3	439	717	366	483	1292	
95	0	1	1	3	3	435	718	367	482	1292	
96	0	1	1	3	3	431	719	368	481	1292	
97	0	1	1	3	3	427	720	369	480	1292	
98	0	1	1	0	3	423	721	370	453	1292	
99	0	1	1	0	3	419	722	371	449	1292	
100	0	1	1	0	3	415	723	372	445	497	
101	0	1	1	0	3	399	724	373	441	496	
102	0	1	0	0	3	335	725	332	437	495	
103	0	1	0	0	3	329	726	326	433	494	
104	0	1	0	0	3	323	727	320	429	493	
105	0	1	0	0	3	317	728	314	425	492	
106	0	1	0	0	3	311	729	308	421	491	
107	0	1	0	0	3	305	730	302	417	490	
108	0	1	0	0	3	299	731	296	413	489	
109	0	1	0	0	3	293	732	290	361	488	
110	0	1	0	1	3	287	733	284	362	487	
111	0	1	0	1	3	281	734	278	363	486	
112	0	1	0	1	3	275	735	272	364	485	
113	0	1	0	1	3	269	736	266	365	484	
114	0	1	0	1	3	263	737	260	366	483	
115	0	1	0	1	3	257	738	254	367	482	
116	0	1	0	1	3	251	739	248	368	481	
117	0	1	0	1	3	237	740	189	369	480	
118	3	0	1	1	0	236	676	190	370	453	
119	3	0	1	1	0	235	670	191	371	449	
120	3	0	1	1	0	234	664	192	372	445	
121	3	0	1	1	0	233	658	193	373	441	
122	3	0	1	0	0	232	652	194	332	437	
123	3	0	1	0	0	231	646	195	326	433	
124	3	0	1	0	0	230	640	196	320	429	
125	3	2	3	2	2	229	646	195	326	433	
126	3	2	3	2	2	228	652	194	332	437	
127	3	2	3	2	2	227	658	193	373	441	
128	3	2	3	3	2	226	664	192	372	445	
129	3	2	3	3	2	225	670	191	371	449	
130	3	2	3	3	2	224	676	190	370	453	
131	3	2	3	3	2	223	740	189	369	480	
132	3	3	2	3	1	222	739	248	368	481	
133	3	3	2	3	1	221	738	254	367	482	
134	3	3	2	3	1	220	737	260	366	483	
135	3	3	2	3	1	219	736	266	365	484	
136	3	3	2	3	1	218	735	272	364	485	
137	3	3	2	3	1	217	734	278	363	486	
138	3	3	2	3	1	216	733	284	362	487	
139	3	3	2	3	1	215	732	290	361	488	
140	3	3	2	2	1	214	731	296	413	489	
141	3	3	2	2	1	213	730	302	417	490	
142	0	3	2	2	1	142	729	308	421	491	
143	0	3	2	2	1	136	728	314	425	492	
144	0	3	2	2	1	130	727	320	429	493	
145	0	3	2	2	1	124	726	326	433	494	
146	0	3	2	2	1	118	725	332	437	495	
147	0	3	2	2	1	112	724	373	441	496	
148	0	3	3	2	1	106	723	372	445	497	
149	0	3	3	2	1	100	722	371	449	498	
150	0	3	3	2	1	94	721	370	453	499	
151	0	3	3	2	1	88	720	369	480	500	
152	0	3	3	1	1	82	719	368	481	501	
153	0	3	3	1	1	57	718	367	482	502	
154	3	3	3	1	1	56	717	366	483	503	
155	3	3	3	1	1	55	716	365	484	504	
156	3	3	3	1	1	54	715	364	485	505	
157	3	3	3	1	1	53	714	363	486	506	
158	3	3	3	1	1	52	713	362	487	507	
159	3	3	3	1	1	51	712	361	488	508	
160	3	3	3	1	1	50	711	360	489	509	
161	3	3	3	1	1	49	710	359	490	510	
162	3	3	3	1	1	48	709	358	491	511	
163	3	3	3	1	1	47	708	357	492	512	
164	3	3	3	1	1	46	707	356	493	513	
165	3	3	3	1	1	45	706	355	494	514	
166	3	3	3	1	1	44	705	354	495	515	
167	3	3	3	1	1	43	704	353	496	516	
168	3	0	3	1	0	42	675	352	497	454	
169	3	0	3	1	0	41	669	351	498	450	
170	3	0	3	1	0	40	663	350	499	446	
171	3	0	3	1	0	39	657	349	500	442	
172	3	0	0	1	0	38	651	331	501	438	
173	3	0	0	1	0	37	645	325	502	434	
174	3	0	0	1	0	36	639	319	503	430	
175	3	0	0	1	0	35	633	313	504	426	
176	3	0	0	1	0	34	627	307	505	422	
177	3	0	0	1	0	33	621	301	506	418	
178	3	0	0	1	0	32	615	295	507	414	
179	3	0	0	1	0	31	598	289	508	386	
180	3	0	0	1	3	30	582	283	509	385	
181	3	0	0	1	3	29	578	277	510	384	
182	3	0	0	1	3	28	574	271	511	383	
183	3	0	0	1	3	27	570	265	512	382	
184	3	0	0	1	3	26	566	259	513	381	
185	3	0	0	1	3	25	562	253	514	380	
186	3	0	0	1	3	24	558	247	515	379	
187	3	0	0	1	3	23	554	165	516	378	
188	3	0	0	0	3	22	550	140	454	377	
189	3	0	0	0	3	21	546	134	450	376	
190	2	0	0	0	3	81	542	128	446	375	
191	2	0	0	0	3	87	480	122	442	374	
192	2	0	0	0	0	93	453	116	438	333	
193	2	0	0	0	0	99	449	110	434	327	
194	2	0	0	0	0	105	445	104	430	321	
195	2	0	0	0	0	111	441	98	426	315	
196	2	0	0	0	0	117	437	92	422	309	
197	2	0	0	0	0	123	433	86	418	303	
198	2	0	0	0	0	129	429	80	414	297	
199	2	0	0	0	0	135	425	20	386	291	
200	2	0	3	3	0	141	421	19	385	285	
201	2	0	3	3	0	177	417	18	384	279	
202	3	0	3	3	0	176	413	17	383	273	
203	3	0	3	3	0	175	361	16	382	267	
204	3	3	3	3	0	174	360	15	381	261	
205	3	3	3	3	0	173	359	14	380	255	
206	3	3	3	3	0	172	358	13	379	249	
207	3	3	3	3	0	171	357	12	378	201	
208	3	3	3	3	3	170	356	11	377	200	
209	3	3	3	3	3	169	355	10	376	199	
210	3	3	3	3	3	168	354	9	375	198	
211	3	3	3	3	3	167	353	8	374	197	
212	3	3	3	0	3	166	352	7	333	196	
213	3	3	3	0	3	165	351	6	327	195	
214	3	3	3	0	3	164	350	5	321	194	
215	3	3	3	0	3	163	349	4	315	193	
216	3	0	3	0	3	162	331	3	309	192	
217	3	0	3	0	3	161	325	2	303	191	
218	3	0	3	0	3	160	319	1	297	190	
219	3	0	3	0	3	159	313	0	291	189	
220	3	0	2	0	3	158	307	79	285	188	
221	3	0	2	0	3	157	301	85	279	187	
222	3	0	2	0	3	156	295	91	273	186	
223	3	0	2	0	3	155	289	97	267	185	
224	3	0	2	0	3	154	283	103	261	184	
225	3	0	2	0	3	153	277	109	255	183	
226	2	0	2	0	3	246	271	115	249	182	
227	2	0	2	0	3	252	265	121	201	181	
228	2	0	2	3	3	258	259	127	200	180	
229	2	0	2	3	3	264	253	133	199	179	
230	2	0	2	3	3	270	247	139	198	178	
231	2	0	2	3	3	276	165	145	197	177	
232	2	3	1	3	3	282	164	146	196	176	
233	2	3	1	3	3	288	163	147	195	175	
234	2	3	1	3	3	294	162	148	194	174	
235	2	3	1	3	3	300	161	149	193	173	
236	2	3	1	3	3	306	160	150	192	172	
237	2	3	1	3	3	312	159	151	191	171	
238	2	3	1	3	3	318	158	152	190	170	
239	2	3	1	3	3	324	157	153	189	169	
240	2	3	2	3	3	330	156	246	188	168	
241	2	3	2	3	3	348	155	252	187	167	
242	2	3	2	3	3	412	154	258	186	166	
243	2	3	2	3	3	416	153	264	185	165	
244	2	2	2	3	2	420	246	270	184	247	
245	2	2	2	3	2	424	252	276	183	253	
246	2	2	2	3	2	428	258	282	182	259	
247	2	2	2	3	2	432	264	288	181	265	
248	2	2	2	3	2	436	270	294	180	271	
249	2	2	2	3	2	440	276	300	179	277	
250	2	2	2	3	2	444	282	306	178	283	
251	2	2	2	3	2	448	288	312	177	289	
252	2	2	2	3	2	452	294	318	176	295	
253	2	2	2	3	2	456	300	324	175	301	
254	2	2	2	3	2	541	306	330	174	307	
255	2	2	2	3	2	545	312	348	173	313	
256	2	2	2	3	2	549	318	412	172	319	
257	2	2	2	3	2	553	324	416	171	325	
258	2	2	2	3	2	557	330	420	170	331	
259	2	2	2	3	2	561	348	424	169	349	
260	2	2	2	3	1	565	412	428	168	350	
261	2	2	2	3	1	569	416	432	167	351	
262	2	2	2	3	1	573	420	436	166	352	
263	2	2	2	3	1	577	424	440	165	353	
264	2	2	2	2	1	581	428	444	247	354	
265	2	2	2	2	1	585	432	448	253	355	
266	2	2	2	2	1	613	436	452	259	356	
267	2	2	2	2	1	619	440	456	265	357	
268	2	2	2	2	1	625	444	541	271	358	
269	2	2	2	2	1	631	448	545	277	359	
270	2	2	2	2	1	637	452	549	283	360	
271	2	2	2	2	1	643	456	553	289	361	
272	2	2	2	2	2	649	541	557	295	413	
273	2	2	2	2	2	655	545	561	301	417	
274	2	2	2	2	2	661	549	565	307	421	
275	2	2	2	2	2	667	553	569	313	425	
276	2	2	2	2	2	673	557	573	319	429	
277	2	2	2	2	2	691	561	577	325	433	
278	2	2	2	2	2	766	565	581	331	437	
279	2	2	2	2	2	770	569	585	349	441	
280	2	2	2	1	2	774	573	613	350	445	
281	2	2	2	1	2	778	577	619	351	449	
282	2	2	2	1	2	782	581	625	352	453	
283	2	2	2	1	2	786	585	631	353	480	
284	2	2	2	1	2	790	613	637	354	542	
285	2	2	2	1	2	794	619	643	355	546	
286	2	2	2	1	2	798	625	649	356	550	
287	2	2	2	1	2	802	631	655	357	554	
288	2	2	2	1	2	806	637	661	358	558	
289	2	2	2	1	2	810	643	667	359	562	
290	1	2	2	1	2	811	649	673	360	566	
291	1	2	2	1	2	812	655	691	361	570	
292	1	2	1	2	2	813	661	692	413	574	
293	1	2	1	2	2	814	667	693	417	578	
294	1	2	1	2	2	815	673	694	421	582	
295	1	2	1	2	2	816	691	695	425	598	
296	1	2	1	2	2	817	766	696	429	615	
297	1	2	1	2	2	818	770	697	433	621	
298	1	2	1	2	2	819	774	698	437	627	
299	1	2	1	2	2	820	778	699	441	633	
300	1	2	1	2	2	821	782	700	445	639	
301	1	2	1	2	2	822	786	701	449	645	
302	1	2	1	2	2	823	790	702	453	651	
303	1	2	1	2	2	824	794	703	480	657	
304	1	2	0	2	2	825	798	674	542	663	
305	1	2	0	2	2	826	802	668	546	669	
306	1	2	0	2	2	827	806	662	550	675	
307	1	2	0	2	2	828	810	656	554	704	
308	1	1	0	2	1	829	811	650	558	705	
309	1	1	0	2	1	830	812	644	562	706	
310	1	1	0	2	1	831	813	638	566	707	
311	1	1	0	2	1	832	814	632	570	708	
312	1	1	0	2	1	833	815	626	574	709	
313	1	1	0	2	1	834	816	620	578	710	
314	2	1	0	2	1	885	817	614	582	711	
315	2	1	0	2	1	889	818	586	598	712	
316	2	1	1	2	1	893	819	587	615	713	
317	2	1	1	2	1	897	820	588	621	714	
318	2	1	1	2	1	901	821	589	627	715	
319	2	1	1	2	1	905	822	590	633	716	
320	2	1	1	2	2	909	823	591	639	767	
321	2	1	1	2	2	913	824	592	645	771	
322	2	1	1	2	2	917	825	593	651	775	
323	2	1	1	2	2	921	826	594	657	779	
324	2	1	1	2	2	925	827	595	663	783	
325	2	1	1	2	2	960	828	596	669	787	
326	1	1	1	2	2	961	829	597	675	791	
327	1	1	1	2	2	962	830	598	704	795	
328	1	1	2	1	2	963	831	615	705	799	
329	1	1	2	1	2	964	832	621	706	803	
330	1	1	2	1	2	965	833	627	707	807	
331	1	1	2	1	2	966	834	633	708	846	
332	1	2	2	1	3	967	885	639	709	845	
333	1	2	2	1	3	968	889	645	710	844	
334	1	2	2	1	3	969	893	651	711	843	
335	1	2	2	1	3	970	897	657	712	842	
336	1	2	2	1	3	971	901	663	713	841	
337	1	2	2	1	3	972	905	669	714	840	
338	2	2	2	1	3	1031	909	675	715	839	
339	2	2	2	1	3	1037	913	704	716	838	
340	2	2	1	2	3	1043	917	705	767	837	
341	2	2	1	2	3	1049	921	706	771	836	
342	2	2	1	2	3	1055	925	707	775	835	
343	2	2	1	2	3	1061	960	708	779	834	
344	2	1	1	2	2	1067	961	709	783	885	
345	2	1	1	2	2	1073	962	710	787	889	
346	2	1	1	2	2	1079	963	711	791	893	
347	2	1	1	2	2	1085	964	712	795	897	
348	2	1	1	2	2	1091	965	713	799	901	
349	2	1	1	2	2	1109	966	714	803	905	
350	3	1	1	2	2	1108	967	715	807	909	
351	3	1	1	2	2	1107	968	716	846	913	
352	3	1	2	3	2	1106	969	767	845	917	
353	3	1	2	3	2	1105	970	771	844	921	
354	3	1	2	3	2	1104	971	775	843	925	
355	3	1	2	3	2	1103	972	779	842	960	
356	3	2	2	3	3	1102	1031	783	841	959	
357	3	2	2	3	3	1101	1037	787	840	958	
358	3	2	2	3	3	1100	1043	791	839	957	
359	3	2	2	3	3	1099	1049	795	838	956	
360	3	2	2	3	3	1098	1055	799	837	955	
361	3	2	2	3	3	1097	1061	803	836	954	
362	2	2	2	3	3	1127	1067	807	835	953	
363	2	2	2	3	3	1133	1073	846	834	952	
364	2	2	3	2	3	1139	1079	845	885	951	
365	2	2	3	2	3	1145	1085	844	889	950	
366	2	2	3	2	3	1151	1091	843	893	949	
367	2	2	3	2	3	1157	1109	842	897	948	
368	2	3	3	2	2	1163	1108	841	901	1030	
369	2	3	3	2	2	1169	1107	840	905	1036	
370	2	3	3	2	2	1175	1106	839	909	1042	
371	2	3	3	2	2	1181	1105	838	913	1048	
372	2	3	3	2	2	1187	1104	837	917	1054	
373	2	3	3	2	2	1223	1103	836	921	1060	
374	1	3	3	2	2	1224	1102	835	925	1066	
375	1	3	3	2	2	1225	1101	834	960	1072	
376	1	3	2	3	2	1226	1100	885	959	1078	
377	1	3	2	3	2	1227	1099	889	958	1084	
378	1	3	2	3	2	1228	1098	893	957	1090	
379	1	3	2	3	2	1229	1097	897	956	1096	
380	1	2	2	3	2	1230	1127	901	955	1126	
381	1	2	2	3	2	1231	1133	905	954	1132	
382	1	2	2	3	2	1232	1139	909	953	1138	
383	1	2	2	3	2	1233	1145	913	952	1144	
384	1	2	2	3	2	1234	1151	917	951	1150	
385	1	2	2	3	2	1235	1157	921	950	1156	
386	1	2	2	3	2	1236	1163	925	949	1162	
387	1	2	2	3	2	1237	1169	960	948	1168	
388	1	2	1	2	2	1238	1175	961	1030	1174	
389	1	2	1	2	2	1239	1181	962	1036	1180	
390	1	2	1	2	2	1240	1187	963	1042	1186	
391	1	2	1	2	2	1241	1223	964	1048	1211	
392	1	1	1	2	1	1242	1224	965	1054	1212	
393	1	1	1	2	1	1243	1225	966	1060	1213	
394	1	1	1	2	1	1244	1226	967	1066	1214	
395	1	1	1	2	1	1245	1227	968	1072	1215	
396	1	1	1	2	1	1246	1228	969	1078	1216	
397	1	1	1	2	1	1247	1229	970	1084	1217	
398	1	1	1	2	1	1248	1230	971	1090	1218	
399	1	1	1	2	1	1249	1231	972	1096	1219	
400	1	1	1	2	1	1250	1232	973	1126	1220	
401	1	1	1	2	1	1251	1233	974	1132	1221	
402	1	1	1	2	1	1252	1234	975	1138	1222	
403	1	1	1	2	1	1253	1235	976	1144	1223	
404	1	1	1	2	1	1254	1236	977	1150	1224	
405	1	1	1	2	1	1255	1237	978	1156	1225	
406	1	1	1	2	1	1256	1238	979	1162	1226	
407	1	1	1	2	1	1257	1239	980	1168	1227	
408	1	1	1	2	1	1258	1240	981	1174	1228	
409	1	1	1	2	1	1259	1241	982	1180	1229	
410	1	1	1	2	1	1260	1242	983	1186	1230	
411	1	1	1	2	1	1261	1243	984	1211	1231	
412	1	1	1	1	1	1262	1244	985	1212	1232	
413	1	1	1	1	1	1263	1245	986	1213	1233	
414	1	1	1	1	1	1264	1246	987	1214	1234	
415	1	1	1	1	1	1265	1247	988	1215	1235	
416	1	1	1	1	1	1266	1248	989	1216	1236	
417	1	1	1	1	1	1267	1249	990	1217	1237	
418	1	1	1	1	1	1268	1250	991	1218	1238	
419	1	1	1	1	1	1269	1251	992	1219	1239	
420	1	1	1	1	1	1270	1252	993	1220	1240	
421	1	1	1	1	1	1271	1253	994	1221	1241	
422	1	1	1	1	1	1272	1254	995	1222	1242	
423	1	1	1	1	1	1273	1255	996	1223	1243	
424	1	1	1	1	1	1274	1256	997	1224	1244	
425	1	1	1	1	1	1275	1257	998	1225	1245	
426	1	1	1	1	1	1276	1258	999	1226	1246	
427	1	1	1	1	1	1277	1259	1000	1227	1247	
428	1	1	1	1	1	1278	1260	1001	1228	1248	
429	1	1	1	1	1	1279	1261	1002	1229	1249	
430	1	1	1	1	1	1280	1262	1003	1230	1250	
431	1	1	1	1	1	1281	1263	1004	1231	1251	
432	1	1	1	1	1	1282	1264	1005	1232	1252	
433	1	1	1	1	1	1283	1265	1006	1233	1253	
434	1	1	1	1	1	1284	1266	1007	1234	1254	
435	1	1	1	1	1	1285	1267	1008	1235	1255	
436	1	1	1	1	1	1286	1268	1009	1236	1256	
437	1	1	1	1	1	1287	1269	1010	1237	1257	
438	1	1	1	1	1	1288	1270	1011	1238	1258	
439	1	1	1	1	1	1289	1271	1012	1239	1259	
440	1	1	1	1	1	1290	1272	1013	1240	1260	
441	1	1	1	1	1	1291	1273	1014	1241	1261	
442	0	1	1	1	1	1190	1274	1015	1242	1262	
443	0	1	1	1	1	1184	1275	1016	1243	1263	
444	0	1	1	1	1	1178	1276	1017	1244	1264	
445	0	1	1	1	1	1172	1277	1018	1245	1265	
446	0	1	1	1	1	1166	1278	1019	1246	1266	
447	0	1	1	1	1	1160	1279	1020	1247	1267	
448	0	1	0	1	1	1154	1280	927	1248	1268	
449	0	3	2	3	3	1148	1279	1020	1247	1267	
450	2	3	3	3	3	1154	1278	1019	1246	1266	
451	2	3	3	3	3	1160	1278	1019	1246	1266	
452	2	3	3	3	3	1166	1277	1018	1245	1265	
453	2	3	3	3	3	1172	1277	1018	1245	1265	
454	2	3	3	3	3	1178	1276	1017	1244	1264	
455	2	3	3	3	3	1184	1276	1017	1244	1264	
456	2	3	3	3	3	1190	1275	1016	1243	1263	
457	2	3	3	3	3	1291	1275	1016	1243	1263	
458	3	3	3	3	3	1290	1274	1015	1242	1262	
459	3	3	3	3	3	1289	1274	1015	1242	1262	
460	3	3	3	3	3	1288	1273	1014	1241	1261	
461	3	3	3	3	3	1287	1273	1014	1241	1261	
462	3	3	3	3	3	1286	1272	1013	1240	1260	
463	3	3	3	3	3	1285	1272	1013	1240	1260	
464	3	3	3	3	3	1284	1271	1012	1239	1259	
465	3	3	3	3	3	1283	1271	1012	1239	1259	
466	3	3	3	3	3	1282	1270	1011	1238	1258	
467	3	3	3	3	3	1281	1270	1011	1238	1258	
468	3	3	3	3	3	1280	1269	1010	1237	1257	
469	3	3	3	3	3	1279	1269	1010	1237	1257	
470	3	3	3	3	3	1278	1268	1009	1236	1256	
471	3	3	3	3	3	1277	1268	1009	1236	1256	
472	3	3	3	3	3	1276	1267	1008	1235	1255	
473	3	3	3	3	3	1275	1267	1008	1235	1255	
474	3	3	3	3	3	1274	1266	1007	1234	1254	
475	3	3	3	3	3	1273	1266	1007	1234	1254	
476	3	3	3	3	3	1272	1265	1006	1233	1253	
477	3	3	3	3	3	1271	1265	1006	1233	1253	
478	3	3	3	3	3	1270	1264	1005	1232	1252	
479	3	3	3	3	3	1269	1264	1005	1232	1252	
480	3	3	3	3	3	1268	1263	1004	1231	1251	
481	3	3	3	3	3	1267	1263	1004	1231	1251	
482	3	3	3	3	3	1266	1262	1003	1230	1250	
483	3	3	3	3	3	1265	1262	1003	1230	1250	
484	3	3	3	3	3	1264	1261	1002	1229	1249	
485	3	3	3	3	3	1263	1261	1002	1229	1249	
486	3	3	3	3	3	1262	1292	1001	1228	1248	
487	3	3	3	3	3	1261	1292	1001	1228	1248	
488	3	3	3	3	3	1260	1292	1000	1227	1247	
489	3	3	3	3	3	1259	1292	1000	1227	1247	
490	3	3	3	3	3	1258	1292	999	1226	1246	
491	3	3	3	3	3	1257	1292	999	1226	1246	
492	3	3	3	3	3	1256	1292	998	1225	1245	
493	3	3	3	3	3	1255	1292	998	1225	1245	
494	3	3	3	3	3	1254	1292	997	1224	1244	
495	3	3	3	3	3	1253	1292	997	1224	1244	
496	3	3	3	3	3	1252	1292	996	1223	1243	
497	3	3	3	3	3	1251	1292	996	1223	1243	
498	3	3	3	3	3	1250	1292	995	1222	1242	
499	3	3	3	3	3	1249	1292	995	1222	1242	
500	3	3	3	3	3	1248	1292	994	1221	1241	
501	3	3	3	3	3	1247	1292	994	1221	1241	
502	3	3	3	3	3	1246	1292	993	1220	1240	
503	3	3	3	3	3	1245	1292	993	1220	1240	
504	3	3	3	3	3	1244	1292	992	1219	1239	
505	3	3	3	3	3	1243	1292	992	1219	1239	
506	3	3	3	3	3	1242	1292	991	1218	1238	
507	3	3	3	3	3	1241	1292	991	1218	1238	
508	3	3	3	3	3	1240	1292	990	1217	1237	
509	3	3	3	3	3	1239	1292	990	1217	1237	
510	3	3	3	3	3	1238	1292	989	1216	1292	
511	3	3	3	3	3	1237	1292	989	1216	1292	
512	3	3	3	3	3	1236	1292	988	1215	1292	
513	3	3	3	3	3	1235	1292	988	1215	1292	
514	3	3	3	3	3	1234	1292	987	1214	1292	
515	3	3	3	3	3	1233	1292	987	1214	1292	
516	3	3	3	3	3	1232	1292	986	1213	1292	
517	3	3	3	3	3	1231	1292	986	1213	1292	
518	3	3	3	3	3	1230	1292	985	1212	1292	
519	3	3	3	3	3	1229	1292	985	1212	1292	
520	3	3	3	3	3	1228	1292	984	1211	1292	
521	3	3	3	3	3	1227	1292	984	1211	1292	
522	3	3	3	3	3	1226	1292	983	1210	1292	
523	3	3	3	3	3	1225	1292	983	1210	1292	
524	3	3	3	3	3	1224	1292	982	1209	1292	
525	3	3	3	3	3	1223	497	982	1209	1292	
526	3	3	3	3	3	1222	496	981	1208	1292	
527	3	3	3	3	3	1221	495	981	1208	1292	
528	3	3	3	3	3	1220	494	980	1207	1292	
529	3	3	3	3	3	1219	493	980	1207	1292	
530	3	3	3	3	3	1218	492	979	1206	1292	
531	3	3	3	3	3	1217	491	979	1206	1292	
532	3	3	3	3	3	1216	490	978	1205	1292	
533	3	3	3	3	3	1215	489	978	1205	1292	
534	3	3	3	3	3	1214	488	977	1204	1292	
535	3	3	3	3	3	1213	487	977	1204	1292	
536	3	3	3	3	3	1212	486	976	1203	1292	
537	3	3	3	3	3	1211	485	976	1203	1292	
538	3	3	3	3	3	1210	484	975	1202	1292	
539	3	3	3	3	3	1209	483	975	1202	1292	
540	3	3	3	3	3	1208	482	974	1201	1292	
541	3	3	3	3	3	1207	481	974	1201	1292	
542	3	3	3	3	3	1206	480	973	1200	1292	
543	3	0	3	3	3	1205	453	973	1200	1292	
544	3	0	3	3	3	1204	449	972	1199	1292	
545	3	0	3	3	3	1203	445	972	1199	1292	
546	3	0	3	3	3	1202	441	971	1198	1292	
547	3	0	3	3	3	1201	437	971	1198	1292	
548	3	0	3	3	3	1200	433	970	1197	1292	
549	3	0	3	3	3	1199	429	970	1197	497	
550	1	0	3	3	3	1200	425	969	1292	496	
551	1	0	3	3	3	1201	421	969	1292	495	
552	1	0	3	3	3	1202	417	968	1292	494	
553	1	0	3	3	3	1203	413	968	1292	493	
554	1	0	3	3	3	1204	361	967	1292	492	
555	1	3	3	3	3	1205	360	967	1292	491	
556	1	3	3	3	3	1206	359	966	1292	490	
557	1	3	3	3	3	1207	358	966	1292	489	
558	1	3	3	3	3	1208	357	965	1292	488	
559	1	3	3	3	3	1209	356	965	1292	487	
560	1	3	3	3	3	1210	355	964	1292	486	
561	1	3	3	3	3	1211	354	964	1292	485	
562	0	3	3	3	3	1186	353	963	1292	484	
563	0	3	3	3	3	1180	352	963	1292	483	
564	0	3	3	3	3	1174	351	962	1292	482	
565	0	3	3	3	3	1168	350	962	1292	481	
566	0	3	3	3	3	1162	349	961	1292	480	
567	0	0	3	3	2	1156	331	961	1292	542	
568	0	0	3	3	2	1150	325	960	1292	546	
569	0	0	3	3	2	1144	319	960	1292	550	
570	0	0	3	3	2	1138	313	959	1292	554	
571	0	0	3	3	2	1132	307	959	1292	558	
572	0	0	3	3	2	1126	301	958	1292	562	
573	0	0	3	3	2	1096	295	958	1292	566	
574	0	0	3	3	2	1090	289	957	1292	570	
575	0	0	3	3	2	1084	283	957	1292	574	
576	0	0	3	3	2	1078	277	956	1292	578	
577	0	0	3	3	2	1072	271	956	1292	582	
578	0	0	3	3	2	1066	265	955	1292	598	
579	0	0	3	3	2	1060	259	955	1292	615	
580	0	0	3	3	2	1054	253	954	1292	621	
581	0	0	3	3	2	1048	247	954	1292	627	
582	0	0	3	3	2	1042	165	953	1292	633	
583	0	3	3	3	2	1036	164	953	1292	639	
584	0	3	3	3	2	1030	163	952	1292	645	
585	0	3	3	3	2	948	162	952	1292	651	
586	1	3	3	3	2	949	161	951	1292	657	
587	1	3	3	3	2	950	160	1292	1292	663	
588	1	3	3	3	2	951	159	1292	1292	669	
589	1	3	3	3	2	952	158	1292	497	675	
590	1	3	3	3	2	953	157	1292	496	704	
591	1	3	3	3	1	954	156	1292	495	705	
592	1	3	3	3	1	955	155	1292	494	706	
593	1	3	3	3	1	956	154	1292	493	707	
594	3	3	3	3	1	955	153	1292	492	708	
595	3	3	3	3	1	954	152	1292	491	709	
596	3	3	3	3	1	953	151	1292	490	710	
597	3	3	3	3	1	952	150	1292	489	711	
598	3	3	3	3	1	951	149	1292	488	712	
599	3	3	3	3	1	950	148	1292	487	713	
600	3	3	3	3	1	949	147	1292	486	714	
601	3	3	3	3	1	948	146	1292	485	715	
602	3	3	3	3	1	947	145	1292	484	716	
603	3	0	3	3	1	946	139	1292	483	717	
604	3	0	3	3	1	945	133	1292	482	718	
605	3	0	3	3	1	944	127	1292	481	719	
606	3	0	3	3	1	943	121	1292	480	720	
607	3	0	3	2	1	942	115	1292	542	721	
608	3	0	3	2	1	941	109	1292	546	722	
609	3	0	3	2	1	940	103	1292	550	723	
610	3	0	3	2	1	939	97	1292	554	724	
611	3	0	3	2	1	938	91	1292	558	725	
612	3	0	3	2	1	937	85	1292	562	726	
613	3	0	3	2	1	936	79	1292	566	727	
614	0	0	3	2	1	924	0	1292	570	728	
615	0	1	3	2	2	920	1	1292	574	768	
616	0	1	3	2	2	916	2	1292	578	772	
617	0	1	3	2	2	912	3	1292	582	776	
618	0	1	3	2	2	908	4	1292	598	780	
619	0	1	3	2	2	904	5	1292	615	784	
620	0	1	3	2	2	900	6	1292	621	788	
621	0	1	3	2	2	896	7	1292	627	792	
622	2	1	3	2	2	900	8	1292	633	796	
623	2	1	3	2	2	904	9	1292	639	800	
624	2	1	3	2	2	908	10	1292	645	804	
625	2	1	3	2	2	912	11	1292	651	808	
626	2	1	3	2	2	916	12	497	657	847	
627	2	1	3	2	1	920	13	496	663	848	
628	2	1	3	2	1	924	14	495	669	849	
629	2	1	3	2	1	936	15	494	675	850	
630	3	1	3	2	1	935	16	493	704	851	
631	3	1	3	1	1	934	17	492	705	852	
632	3	1	3	1	1	933	18	491	706	853	
633	3	1	3	1	1	932	19	490	707	854	
634	3	1	3	1	1	931	20	489	708	855	
635	3	2	3	1	1	930	80	488	709	856	
636	3	2	3	1	1	929	86	487	710	857	
637	3	2	3	1	1	928	92	486	711	858	
638	2	2	3	1	1	1029	98	485	712	859	
639	2	2	3	1	2	1035	104	484	713	886	
640	2	2	3	1	2	1041	110	483	714	890	
641	2	2	3	1	2	1047	116	482	715	894	
642	2	2	3	1	2	1053	122	481	716	898	
643	2	2	3	2	2	1059	128	480	767	902	
644	2	2	0	2	2	1065	134	453	771	906	
645	2	2	0	2	2	1071	140	449	775	910	
646	2	2	0	2	2	1077	165	445	779	914	
647	2	3	0	2	2	1083	164	441	783	918	
648	2	3	0	2	2	1089	163	437	787	922	
649	2	3	0	2	2	1095	162	433	791	926	
650	0	3	0	2	2	1089	161	429	795	996	
651	0	3	0	2	1	1083	160	425	799	997	
652	0	3	0	2	1	1077	159	421	803	998	
653	0	3	0	2	1	1071	158	417	807	999	
654	0	3	0	2	1	1065	157	413	846	1000	
655	0	3	0	3	1	1059	156	361	845	1001	
656	0	3	1	3	1	1053	155	362	844	1002	
657	0	3	1	3	1	1047	154	363	843	1003	
658	0	3	1	3	1	1041	153	364	842	1004	
659	0	3	1	3	1	1035	152	365	841	1005	
660	0	3	1	3	1	1029	151	366	840	1006	
661	0	3	1	3	1	928	150	367	839	1007	
662	1	3	1	3	1	929	149	368	838	1008	
663	1	3	1	3	2	930	148	369	837	1033	
664	1	3	1	3	2	931	147	370	836	1039	
665	1	3	1	3	2	932	146	371	835	1045	
666	1	3	1	3	2	933	145	372	834	1051	
667	1	0	1	2	2	934	139	373	885	1057	
668	1	0	0	2	2	935	133	332	889	1063	
669	1	0	0	2	2	936	127	326	893	1069	
670	1	0	0	2	2	937	121	320	897	1075	
671	1	0	0	2	2	938	115	314	901	1081	
672	1	0	0	2	2	939	109	308	905	1087	
673	1	0	0	2	2	940	103	302	909	1093	
674	1	0	0	2	2	941	97	296	913	1123	
675	1	0	0	2	2	942	91	290	917	1129	
676	3	0	0	2	2	941	85	284	921	1135	
677	3	0	0	2	2	940	79	278	925	1141	
678	3	0	0	2	2	939	0	272	960	1147	
679	3	1	0	3	2	938	1	266	959	1153	
680	3	1	0	3	2	937	2	260	958	1159	
681	3	1	0	3	2	936	3	254	957	1165	
682	0	1	0	3	2	924	4	248	956	1171	
683	0	1	0	3	2	920	5	189	955	1177	
684	0	1	1	3	2	916	6	190	954	1183	
685	0	1	1	3	2	912	7	191	953	1189	
686	0	1	1	3	2	908	8	192	952	1271	
687	0	1	1	3	1	904	9	193	951	1272	
688	0	1	1	3	1	900	10	194	950	1273	
689	0	1	1	3	1	896	11	195	949	1274	
690	0	1	1	3	1	892	12	196	948	1275	
691	0	1	1	2	1	888	13	197	1030	1276	
692	0	1	1	2	1	884	14	198	1036	1277	
693	0	1	1	2	1	810	15	199	1042	1278	
694	0	1	1	2	1	806	16	200	1048	1279	
695	0	1	1	2	1	802	17	201	1054	1280	
696	0	1	2	2	1	798	18	249	1060	1281	
697	0	1	2	2	1	794	19	255	1066	1282	
698	0	1	2	2	1	790	20	261	1072	1283	
699	0	2	2	2	1	786	80	267	1078	1284	
700	0	2	2	2	1	782	86	273	1084	1285	
701	0	2	2	2	1	778	92	279	1090	1286	
702	0	2	2	2	1	774	98	285	1096	1287	
703	0	2	2	2	1	770	104	291	1126	1288	
704	0	2	2	2	1	766	110	297	1132	1289	
705	0	2	2	2	1	691	116	303	1138	1290	
706	3	2	2	2	1	690	122	309	1144	1291	
707	3	2	2	2	0	689	128	315	1150	1190	
708	3	2	2	2	0	688	134	321	1156	1184	
709	3	2	2	2	0	687	140	327	1162	1178	
710	3	2	2	2	0	686	165	333	1168	1172	
711	3	2	2	2	0	685	247	374	1174	1166	
712	3	2	1	2	0	684	253	375	1180	1160	
713	3	2	1	2	0	683	259	376	1186	1154	
714	3	2	1	2	0	682	265	377	1211	1148	
715	3	2	1	3	0	681	271	378	1210	1142	
716	3	2	1	3	0	680	277	379	1209	1136	
717	3	2	1	3	0	679	283	380	1208	1130	
718	3	2	1	3	0	765	289	381	1207	1124	
719	1	2	1	3	0	679	295	382	1206	1094	
720	1	2	1	3	0	680	301	383	1205	1088	
721	1	2	1	3	0	681	307	384	1204	1082	
722	1	2	1	3	0	682	313	385	1203	1076	
723	1	2	1	3	0	683	319	386	1202	1070	
724	1	2	2	3	0	684	325	414	1201	1064	
725	1	2	2	3	0	685	331	418	1200	1058	
726	1	2	2	3	0	686	349	422	1199	1052	
727	1	1	2	3	0	687	350	426	1198	1046	
728	3	1	2	3	0	686	351	430	1197	1040	
729	3	1	2	3	0	685	352	434	1196	1034	
730	3	1	2	3	0	684	353	438	1195	1028	
731	3	1	2	3	3	683	354	442	1194	1027	
732	1	1	2	3	3	684	355	446	1193	1026	
733	1	1	2	3	3	685	356	450	1192	1025	
734	1	1	2	3	3	686	357	454	1191	1024	
735	1	1	2	0	3	687	358	516	1185	1023	
736	1	1	3	0	3	688	359	515	1179	1022	
737	1	1	3	0	3	689	360	514	1173	1021	
738	1	1	3	0	3	690	361	513	1167	1020	
739	1	2	3	0	3	691	413	512	1161	1019	
740	0	2	3	0	3	673	417	511	1155	1018	
741	0	2	3	0	3	667	421	510	1149	1017	
742	0	2	3	0	3	661	425	509	1143	1016	
743	0	2	3	0	3	655	429	508	1137	1015	
744	0	2	3	0	3	649	433	507	1131	1014	
745	0	2	3	0	3	643	437	506	1125	1013	
746	0	2	3	0	3	637	441	505	1095	1012	
747	2	2	3	0	3	643	445	504	1089	1011	
748	2	2	3	0	3	649	449	503	1083	1010	
749	2	2	3	0	3	655	453	502	1077	1009	
750	2	2	3	0	3	661	480	501	1071	1008	
751	2	3	3	0	3	667	479	500	1065	1007	
752	2	3	3	0	3	673	478	499	1059	1006	
753	2	3	3	0	3	691	477	498	1053	1005	
754	3	3	3	0	3	690	476	497	1047	1004	
755	3	3	3	0	3	689	475	496	1041	1003	
756	3	3	3	0	3	688	474	495	1035	1002	
757	3	3	3	0	3	687	473	494	1029	1001	
758	3	3	3	0	3	686	472	493	928	1000	
759	3	3	3	1	3	685	471	492	929	999	
760	3	3	3	1	3	684	470	491	930	998	
761	3	3	3	1	3	683	469	490	931	997	
762	3	3	3	1	3	682	468	489	932	996	
763	3	3	3	1	3	681	467	488	933	995	
764	3	3	3	1	3	680	466	487	934	994	
765	3	3	3	1	3	679	465	486	935	993	
766	3	3	3	1	3	765	464	485	936	992	
767	3	3	3	1	3	764	463	484	937	991	
768	3	3	3	1	3	763	462	483	938	990	
769	3	3	3	1	3	762	461	482	939	989	
770	3	3	3	1	3	761	460	481	940	988	
771	3	3	3	1	3	760	459	480	941	987	
772	3	3	2	1	3	759	458	542	942	986	
773	3	3	2	1	3	758	457	546	943	985	
774	3	3	2	1	3	757	456	550	944	984	
775	3	2	2	1	2	756	541	554	945	1032	
776	3	2	2	1	2	755	545	558	946	1038	
777	3	2	2	1	2	754	549	562	947	1044	
778	3	2	2	1	2	753	553	566	948	1050	
779	2	2	2	1	2	769	557	570	949	1056	
780	2	2	2	1	2	773	561	574	950	1062	
781	2	2	2	1	2	777	565	578	951	1068	
782	2	2	2	1	2	781	569	582	952	1074	
783	2	2	2	1	2	785	573	598	953	1080	
784	2	2	2	1	2	789	577	615	954	1086	
785	2	2	2	1	2	793	581	621	955	1092	
786	2	2	2	1	2	797	585	627	956	1110	
787	2	2	2	1	1	801	613	633	957	1111	
788	2	2	2	1	1	805	619	639	958	1112	
789	2	2	2	1	1	809	625	645	959	1113	
790	2	2	2	1	1	883	631	651	960	1114	
791	2	2	2	1	1	887	637	657	961	1115	
792	2	2	2	1	1	891	643	663	962	1116	
793	2	2	2	1	1	895	649	669	963	1117	
794	2	2	2	1	1	899	655	675	964	1118	
795	2	2	2	1	1	903	661	704	965	1119	
796	2	2	1	1	1	907	667	705	966	1120	
797	2	2	1	1	1	911	673	706	967	1121	
798	2	2	1	1	1	915	691	707	968	1122	
799	2	1	1	1	2	919	692	708	969	1128	
800	2	1	1	1	2	923	693	709	970	1134	
801	2	1	1	1	2	927	694	710	971	1140	
802	2	1	1	1	2	1020	695	711	972	1146	
803	3	1	1	1	2	1019	696	712	973	1152	
804	3	1	1	1	2	1018	697	713	974	1158	
805	3	1	1	1	2	1017	698	714	975	1164	
806	3	1	1	1	2	1016	699	715	976	1170	
807	3	1	1	1	2	1015	700	716	977	1176	
808	3	1	1	1	2	1014	701	717	978	1182	
809	3	1	1	1	2	1013	702	718	979	1188	
810	3	1	1	1	2	1012	703	719	980	1259	
811	3	0	1	1	1	1011	674	720	981	1260	
812	3	0	1	1	1	1010	668	721	982	1261	
813	3	0	1	1	1	1009	662	722	983	1262	
814	3	0	1	1	1	1008	656	723	984	1263	
815	2	0	1	2	1	1033	650	724	1032	1264	
816	2	0	1	2	1	1039	644	725	1038	1265	
817	2	0	1	2	1	1045	638	726	1044	1266	
818	2	0	1	2	1	1051	632	727	1050	1267	
819	2	0	1	2	1	1057	626	728	1056	1268	
820	2	0	2	2	1	1063	620	768	1062	1269	
821	2	0	2	2	1	1069	614	772	1068	1270	
822	2	0	2	2	1	1075	586	776	1074	1271	
823	0	1	2	2	1	1069	587	780	1080	1272	
824	0	1	2	2	1	1063	588	784	1086	1273	
825	0	1	2	2	1	1057	589	788	1092	1274	
826	0	1	2	2	1	1051	590	792	1110	1275	
827	2	1	2	1	1	1057	591	796	1111	1276	
828	2	1	2	1	1	1063	592	800	1112	1277	
829	2	1	2	1	1	1069	593	804	1113	1278	
830	2	1	2	1	1	1075	594	808	1114	1279	
831	2	1	2	1	1	1081	595	847	1115	1280	
832	2	1	1	1	1	1087	596	848	1116	1281	
833	2	1	1	1	1	1093	597	849	1117	1282	
834	2	1	1	1	1	1123	598	850	1118	1283	
835	2	2	1	1	1	1129	615	851	1119	1284	
836	2	2	1	1	1	1135	621	852	1120	1285	
837	2	2	1	1	1	1141	627	853	1121	1286	
838	2	2	1	1	1	1147	633	854	1122	1287	
839	2	2	1	2	1	1153	639	855	1128	1288	
840	2	2	1	2	1	1159	645	856	1134	1289	
841	2	2	1	2	1	1165	651	857	1140	1290	
842	2	2	1	2	1	1171	657	858	1146	1291	
843	0	2	1	2	0	1165	663	859	1152	1190	
844	0	2	2	2	0	1159	669	886	1158	1184	
845	0	2	2	2	0	1153	675	890	1164	1178	
846	0	2	2	2	0	1147	704	894	1170	1172	
847	0	1	2	2	0	1141	705	898	1176	1166	
848	0	1	2	2	0	1135	706	902	1182	1160	
849	0	1	2	2	0	1129	707	906	1188	1154	
850	0	1	2	2	0	1123	708	910	1259	1148	
851	0	1	2	3	0	1093	709	914	1258	1142	
852	0	1	2	3	0	1087	710	918	1257	1136	
853	0	1	2	3	0	1081	711	922	1256	1130	
854	0	1	2	3	0	1075	712	926	1255	1124	
855	0	1	2	3	0	1069	713	996	1254	1094	
856	0	1	3	3	0	1063	714	995	1253	1088	
857	0	1	3	3	0	1057	715	994	1252	1082	
858	0	1	3	3	0	1051	716	993	1251	1076	
859	0	1	3	3	0	1045	717	992	1250	1070	
860	0	1	3	3	0	1039	718	991	1249	1064	
861	0	1	3	3	0	1033	719	990	1248	1058	
862	0	1	3	3	0	1008	720	989	1247	1052	
863	3	1	3	3	0	1007	721	988	1246	1046	
864	3	1	3	3	0	1006	722	987	1245	1040	
865	3	1	3	3	0	1005	723	986	1244	1034	
866	3	1	3	3	0	1004	724	985	1243	1028	
867	1	1	3	3	3	1005	725	984	1242	1027	
868	3	1	2	3	3	1004	726	1032	1241	1026	
869	3	1	2	3	3	1003	727	1038	1240	1025	
870	3	1	2	3	3	1002	728	1044	1239	1024	
871	3	2	2	3	3	1001	768	1050	1238	1023	
872	3	2	2	3	3	1000	772	1056	1237	1022	
873	1	2	2	3	3	1001	776	1062	1236	1021	
874	1	2	2	3	3	1002	780	1068	1235	1020	
875	1	2	2	3	3	1003	784	1074	1234	1019	
876	3	2	2	3	3	1002	788	1080	1233	1018	
877	3	2	2	3	3	1001	792	1086	1232	1017	
878	3	2	2	3	3	1000	796	1092	1231	1016	
879	3	2	2	3	3	999	800	1110	1230	1015	
880	3	2	1	3	3	998	804	1111	1229	1014	
881	3	2	1	3	3	997	808	1112	1228	1013	
882	3	2	1	3	3	996	847	1113	1227	1012	
883	3	1	1	3	3	995	848	1114	1226	1011	
884	3	1	1	3	3	994	849	1115	1225	1010	
885	3	1	1	3	3	993	850	1116	1224	1009	
886	3	1	1	3	3	992	851	1117	1223	1008	
887	3	1	1	0	3	991	852	1118	1187	1007	
888	3	1	1	0	3	990	853	1119	1181	1006	
889	3	1	1	0	3	989	854	1120	1175	1005	
890	3	1	1	0	3	988	855	1121	1169	1004	
891	3	1	1	0	3	987	856	1122	1163	1003	
892	3	1	2	0	3	986	857	1128	1157	1002	
893	3	1	2	0	3	985	858	1134	1151	1001	
894	3	1	2	0	3	984	859	1140	1145	1000	
895	2	2	2	0	3	1032	886	1146	1139	999	
896	2	2	2	0	3	1038	890	1152	1133	998	
897	2	2	2	0	3	1044	894	1158	1127	997	
898	2	2	2	0	3	1050	898	1164	1097	996	
899	2	2	2	1	3	1056	902	1170	1098	995	
900	2	2	2	1	3	1062	906	1176	1099	994	
901	2	2	2	1	3	1068	910	1182	1100	993	
902	2	2	2	1	3	1074	914	1188	1101	992	
903	2	2	2	1	3	1080	918	1259	1102	991	
904	2	2	3	1	3	1086	922	1258	1103	990	
905	2	2	3	1	3	1092	926	1257	1104	989	
906	2	2	3	1	3	1110	996	1256	1105	988	
907	1	3	3	1	3	1111	995	1255	1106	987	
908	1	3	3	1	3	1112	994	1254	1107	986	
909	1	3	3	1	3	1113	993	1253	1108	985	
910	1	3	3	1	3	1114	992	1252	1109	984	
911	1	3	3	0	2	1115	991	1251	1091	1032	
912	1	3	3	0	2	1116	990	1250	1085	1038	
913	1	3	3	0	2	1117	989	1249	1079	1044	
914	1	3	3	0	2	1118	988	1248	1073	1050	
915	1	3	3	0	2	1119	987	1247	1067	1056	
916	1	3	3	0	2	1120	986	1246	1061	1062	
917	1	3	3	0	2	1121	985	1245	1055	1068	
918	1	3	3	0	2	1122	984	1244	1049	1074	
919	2	2	3	0	2	1128	1032	1243	1043	1080	
920	2	2	3	0	2	1134	1038	1242	1037	1086	
921	2	2	3	0	2	1140	1044	1241	1031	1092	
922	2	2	3	0	2	1146	1050	1240	972	1110	
923	2	2	3	3	1	1152	1056	1239	971	1111	
924	2	2	3	3	1	1158	1062	1238	970	1112	
925	2	2	3	3	1	1164	1068	1237	969	1113	
926	2	2	3	3	1	1170	1074	1236	968	1114	
927	2	2	3	3	1	1176	1080	1235	967	1115	
928	2	2	3	3	1	1182	1086	1234	966	1116	
929	2	2	3	3	1	1188	1092	1233	965	1117	
930	2	2	3	3	1	1259	1110	1232	964	1118	
931	1	1	3	3	1	1260	1111	1231	963	1119	
932	1	1	3	3	1	1261	1112	1230	962	1120	
933	1	1	3	3	1	1262	1113	1229	961	1121	
934	1	1	3	3	1	1263	1114	1228	960	1122	
935	1	1	3	0	2	1264	1115	1227	925	1128	
936	1	1	3	0	2	1265	1116	1226	921	1134	
937	1	1	3	0	2	1266	1117	1225	917	1140	
938	1	1	3	0	2	1267	1118	1224	913	1146	
939	1	1	3	0	2	1268	1119	1223	909	1152	
940	1	1	0	0	2	1269	1120	1187	905	1158	
941	1	1	0	0	2	1270	1121	1181	901	1164	
942	1	1	0	0	2	1271	1122	1175	897	1170	
943	1	2	0	0	2	1272	1128	1169	893	1176	
944	1	2	0	0	2	1273	1134	1163	889	1182	
945	1	2	0	0	2	1274	1140	1157	885	1188	
946	1	2	0	0	2	1275	1146	1151	834	1259	
947	1	2	0	1	1	1276	1152	1145	835	1260	
948	1	2	0	1	1	1277	1158	1139	836	1261	
949	1	2	0	1	1	1278	1164	1133	837	1262	
950	1	2	0	1	1	1279	1170	1127	838	1263	
951	1	2	0	1	1	1280	1176	1097	839	1264	
952	1	2	1	1	1	1281	1182	1098	840	1265	
953	1	2	1	1	1	1282	1188	1099	841	1266	
954	1	2	1	1	1	1283	1259	1100	842	1267	
955	1	1	1	1	1	1284	1260	1101	843	1268	
956	1	1	1	1	1	1285	1261	1102	844	1269	
957	1	1	1	1	1	1286	1262	1103	845	1270	
958	1	1	1	1	1	1287	1263	1104	846	1271	
959	1	1	1	0	1	1288	1264	1105	807	1272	
960	1	1	1	0	1	1289	1265	1106	803	1273	
961	1	1	1	0	1	1290	1266	1107	799	1274	
962	1	1	1	0	1	1291	1267	1108	795	1275	
963	0	1	1	0	1	1190	1268	1109	791	1276	
964	0	1	0	0	1	1184	1269	1091	787	1277	
965	0	1	0	0	1	1178	1270	1085	783	1278	
966	0	1	0	0	1	1172	1271	1079	779	1279	
967	0	1	0	0	1	1166	1272	1073	775	1280	
968	0	1	0	0	1	1160	1273	1067	771	1281	
969	0	1	0	0	1	1154	1274	1061	767	1282	
970	0	1	0	0	1	1148	1275	1055	716	1283	
971	0	1	0	1	1	1142	1276	1049	717	1284	
972	0	1	0	1	1	1136	1277	1043	718	1285	
973	0	1	0	1	1	1130	1278	1037	719	1286	
974	0	1	0	1	1	1124	1279	1031	720	1287	
975	0	1	0	1	1	1094	1280	972	721	1288	
976	0	1	1	1	1	1088	1281	973	722	1289	
977	0	1	1	1	1	1082	1282	974	723	1290	
978	0	1	1	1	1	1076	1283	975	724	1291	
979	0	1	1	1	0	1070	1284	976	725	1190	
980	0	1	1	1	0	1064	1285	977	726	1184	
981	0	1	1	1	0	1058	1286	978	727	1178	
982	0	1	1	1	0	1052	1287	979	728	1172	
983	0	1	1	1	0	1046	1288	980	729	1166	
984	0	1	1	1	0	1040	1289	981	730	1160	
985	0	1	1	1	0	1034	1290	982	731	1154	
986	0	1	1	1	0	1028	1291	983	732	1148	
987	3	0	1	1	0	1027	1190	984	733	1142	
988	3	0	1	1	0	1026	1184	985	734	1136	
989	3	0	1	1	0	1025	1178	986	735	1130	
990	3	0	1	1	0	1024	1172	987	736	1124	
991	3	0	1	1	0	1023	1166	988	737	1094	
992	3	0	1	1	0	1022	1160	989	738	1088	
993	3	0	1	1	0	1021	1154	990	739	1082	
994	3	0	1	1	0	1020	1148	991	740	1076	
995	0	0	1	0	0	927	1142	992	676	1070	
996	0	0	1	0	0	923	1136	993	670	1064	
997	0	2	3	2	2	919	1142	992	676	1070	
998	0	2	3	2	2	915	1148	991	740	1076	
999	0	2	3	3	2	911	1154	990	739	1082	
1000	0	2	3	3	2	907	1160	989	738	1088	
1001	0	2	3	3	2	903	1166	988	737	1094	
1002	0	2	3	3	2	899	1172	987	736	1124	
1003	0	2	3	3	2	895	1178	986	735	1130	
1004	0	2	3	3	2	891	1184	985	734	1136	
1005	0	2	3	3	2	887	1190	984	733	1142	
1006	0	2	3	3	2	883	1291	983	732	1148	
1007	0	3	3	3	2	809	1290	982	731	1154	
1008	0	3	3	3	2	805	1289	981	730	1160	
1009	0	3	3	3	2	801	1288	980	729	1166	
1010	0	3	3	3	2	797	1287	979	728	1172	
1011	0	3	3	2	2	793	1286	978	768	1178	
1012	0	3	3	2	2	789	1285	977	772	1184	
1013	0	3	3	2	2	785	1284	976	776	1190	
1014	0	3	3	2	2	781	1283	975	780	1291	
1015	0	3	3	2	3	777	1282	974	784	1290	
1016	0	3	3	2	3	773	1281	973	788	1289	
1017	0	3	3	2	3	769	1280	972	792	1288	
1018	0	3	3	2	3	753	1279	971	796	1287	
1019	0	3	3	2	3	678	1278	970	800	1286	
1020	0	3	3	2	3	672	1277	969	804	1285	
1021	0	3	3	2	3	666	1276	968	808	1284	
1022	0	3	3	2	3	660	1275	967	847	1283	
1023	0	3	3	1	3	654	1274	966	848	1282	
1024	0	3	3	1	3	648	1273	965	849	1281	
1025	0	3	3	1	3	642	1272	964	850	1280	
1026	0	3	3	1	3	636	1271	963	851	1279	
1027	0	0	3	1	3	630	1189	962	852	1278	
1028	0	0	3	1	3	624	1183	961	853	1277	
1029	0	0	3	1	3	618	1177	960	854	1276	
1030	0	0	0	1	3	612	1171	925	855	1275	
1031	0	0	0	1	3	584	1165	921	856	1274	
1032	0	0	0	1	3	580	1159	917	857	1273	
1033	0	0	0	1	3	576	1153	913	858	1272	
1034	0	0	0	1	3	572	1147	909	859	1271	
1035	0	0	0	1	0	568	1141	905	860	1189	
1036	0	0	0	1	0	564	1135	901	861	1183	
1037	0	0	0	1	0	560	1129	897	862	1177	
1038	0	0	0	1	0	556	1123	893	863	1171	
1039	0	0	0	1	0	552	1093	889	864	1165	
1040	0	0	0	1	0	548	1087	885	865	1159	
1041	0	0	0	1	0	544	1081	834	866	1153	
1042	0	0	1	1	0	540	1075	835	867	1147	
1043	0	0	1	1	0	455	1069	836	868	1141	
1044	0	0	1	1	0	451	1063	837	869	1135	
1045	0	0	1	1	0	447	1057	838	870	1129	
1046	0	0	1	1	0	443	1051	839	871	1123	
1047	0	0	1	1	0	439	1045	840	872	1093	
1048	0	0	1	1	0	435	1039	841	873	1087	
1049	0	0	1	1	0	431	1033	842	874	1081	
1050	0	0	1	1	0	427	1008	843	875	1075	
1051	0	1	1	1	0	423	1009	844	876	1069	
1052	0	1	1	1	0	419	1010	845	877	1063	
1053	0	1	1	1	0	415	1011	846	878	1057	
1054	0	1	0	1	0	399	1012	807	879	1051	
1055	0	1	0	1	0	335	1013	803	880	1045	
1056	0	1	0	1	0	329	1014	799	881	1039	
1057	0	1	0	1	0	323	1015	795	882	1033	
1058	0	1	0	1	0	317	1016	791	883	1008	
1059	0	1	0	0	3	311	1017	787	809	1007	
1060	0	1	0	0	3	305	1018	783	805	1006	
1061	0	1	0	0	3	299	1019	779	801	1005	
1062	0	1	0	0	3	293	1020	775	797	1004	
1063	0	0	0	0	3	287	927	771	793	1003	
1064	0	0	0	0	3	281	923	767	789	1002	
1065	0	0	0	0	3	275	919	716	785	1001	
1066	0	0	1	0	3	269	915	717	781	1000	
1067	0	0	1	0	3	263	911	718	777	999	
1068	0	0	1	0	3	257	907	719	773	998	
1069	0	0	1	0	3	251	903	720	769	997	
1070	0	0	1	0	3	237	899	721	753	996	
1071	1	0	1	0	0	238	895	722	678	926	
1072	1	0	1	0	0	239	891	723	672	922	
1073	1	0	1	0	0	240	887	724	666	918	
1074	1	0	1	0	0	241	883	725	660	914	
1075	1	0	1	0	0	242	809	726	654	910	
1076	1	0	1	0	0	243	805	727	648	906	
1077	1	0	1	0	0	244	801	728	642	902	
1078	1	0	1	0	0	245	797	729	636	898	
1079	0	0	1	0	0	144	793	730	630	894	
1080	0	0	1	0	0	138	789	731	624	890	
1081	0	0	1	0	0	132	785	732	618	886	
1082	0	0	1	0	0	126	781	733	612	859	
1083	2	0	1	0	1	132	777	734	584	860	
1084	2	0	1	0	1	138	773	735	580	861	
1085	2	0	1	0	1	144	769	736	576	862	
1086	2	0	1	0	1	245	753	737	572	863	
1087	3	0	1	0	1	244	678	738	568	864	
1088	3	0	1	0	1	243	672	739	564	865	
1089	3	0	1	0	1	242	666	740	560	866	
1090	3	0	0	0	1	241	660	676	556	867	
1091	3	0	0	0	1	240	654	670	552	868	
1092	3	0	0	0	1	239	648	664	548	869	
1093	3	0	0	0	1	238	642	658	544	870	
1094	3	0	0	0	1	237	636	652	540	871	
1095	3	0	0	3	1	236	630	646	539	872	
1096	3	0	0	3	1	235	624	640	538	873	
1097	3	0	0	3	1	234	618	634	537	874	
1098	3	0	0	3	1	233	612	628	536	875	
1099	3	0	0	3	1	232	584	622	535	876	
1100	3	0	0	3	1	231	580	616	534	877	
1101	3	0	0	3	1	230	576	599	533	878	
1102	3	0	0	3	1	229	572	583	532	879	
1103	3	0	0	3	1	228	568	579	531	880	
1104	3	0	0	3	1	227	564	575	530	881	
1105	3	0	0	3	1	226	560	571	529	882	
1106	3	0	0	3	1	225	556	567	528	883	
1107	0	0	0	3	0	143	552	563	527	809	
1108	0	0	0	3	0	137	548	559	526	805	
1109	0	0	0	3	0	131	544	555	525	801	
1110	0	0	0	3	0	125	540	551	524	797	
1111	0	0	0	3	0	119	455	547	523	793	
1112	0	0	0	3	0	113	451	543	522	789	
1113	0	0	0	3	0	107	447	516	521	785	
1114	0	0	0	3	0	101	443	454	520	781	
1115	0	0	0	3	0	95	439	450	519	777	
1116	0	0	0	3	0	89	435	446	518	773	
1117	0	0	0	3	0	83	431	442	517	769	
1118	0	0	0	3	0	58	427	438	516	753	
1119	1	0	0	0	0	59	423	434	454	678	
1120	1	0	0	0	0	60	419	430	450	672	
1121	1	0	0	0	0	61	415	426	446	666	
1122	1	0	0	0	0	62	399	422	442	660	
1123	1	0	0	0	0	63	335	418	438	654	
1124	1	0	0	0	0	64	329	414	434	648	
1125	1	0	0	0	0	65	323	386	430	642	
1126	1	0	1	0	0	66	317	387	426	636	
1127	1	0	1	0	0	67	311	388	422	630	
1128	1	0	1	0	0	68	305	389	418	624	
1129	1	0	1	0	0	69	299	390	414	618	
1130	1	0	1	0	0	70	293	391	386	612	
1131	1	0	1	1	0	71	287	392	387	584	
1132	1	0	1	1	0	72	281	393	388	580	
1133	1	0	1	1	0	73	275	394	389	576	
1134	1	0	1	1	0	74	269	395	390	572	
1135	1	0	1	1	0	75	263	396	391	568	
1136	1	0	1	1	0	76	257	397	392	564	
1137	1	0	1	1	0	77	251	398	393	560	
1138	1	0	0	1	0	78	237	334	394	556	
1139	2	1	0	1	0	84	238	328	395	552	
1140	2	1	0	1	0	90	239	322	396	548	
1141	2	1	0	1	0	96	240	316	397	544	
1142	2	3	2	3	2	102	239	322	396	548	
1143	2	3	2	3	2	108	238	328	395	552	
1144	2	3	2	3	2	114	238	328	395	552	
1145	2	3	2	3	2	120	237	334	394	556	
1146	2	3	2	3	2	126	237	334	394	556	
1147	2	3	2	3	2	132	236	398	393	560	
1148	2	3	2	3	2	138	236	398	393	560	
1149	2	3	3	3	2	144	235	397	392	564	
1150	2	3	3	3	2	245	235	397	392	564	
1151	3	3	3	3	2	244	234	396	391	568	
1152	3	3	3	3	2	243	234	396	391	568	
1153	3	3	3	3	2	242	233	395	390	572	
1154	3	3	3	3	2	241	233	395	390	572	
1155	3	3	3	3	2	240	232	394	389	576	
1156	3	3	3	3	2	239	232	394	389	576	
1157	3	3	3	3	2	238	231	393	388	580	
1158	3	3	3	3	2	237	231	393	388	580	
1159	3	3	3	3	2	236	230	392	387	584	
1160	3	3	3	3	2	235	230	392	387	584	
1161	3	3	3	3	2	234	229	391	386	612	
1162	3	3	3	3	2	233	229	391	386	612	
1163	3	3	3	3	2	232	228	390	385	618	
1164	3	3	3	3	2	231	228	390	385	618	
1165	3	3	3	3	2	230	227	389	384	624	
1166	3	3	3	3	2	229	227	389	384	624	
1167	3	3	3	3	2	228	1292	388	383	630	
1168	3	3	3	3	2	227	1292	388	383	630	
1169	3	3	3	3	2	226	1292	387	382	636	
1170	3	3	3	3	2	225	1292	387	382	636	
1171	2	3	3	3	2	250	1292	386	381	642	
1172	2	3	3	3	2	256	1292	386	381	642	
1173	2	3	3	3	2	262	1292	385	380	648	
1174	2	3	3	3	2	268	1292	385	380	648	
1175	2	3	3	3	2	274	1292	384	379	654	
1176	2	3	3	3	2	280	1292	384	379	654	
1177	2	3	3	3	2	286	1292	383	378	660	
1178	2	3	3	3	2	292	1292	383	378	660	
1179	2	3	3	3	2	298	1292	382	377	666	
1180	2	3	3	3	2	304	1292	382	377	666	
1181	2	3	3	3	2	310	1292	381	376	672	
1182	2	3	3	3	2	316	1292	381	376	672	
1183	2	3	3	3	2	322	1292	380	375	678	
1184	2	3	3	3	2	328	1292	380	375	678	
1185	2	3	3	3	2	334	1292	379	374	753	
1186	2	3	3	3	2	398	1292	379	374	753	
1187	3	3	3	0	2	397	1292	378	333	769	
1188	3	3	3	0	2	396	1292	378	333	769	
1189	3	3	3	0	2	395	1292	377	327	773	
1190	3	3	3	0	2	394	1292	377	327	773	
1191	3	3	3	0	2	393	1292	376	321	777	
1192	3	3	3	0	2	392	1292	376	321	777	
1193	3	3	3	0	2	391	1292	375	315	781	
1194	3	3	3	0	2	390	1292	375	315	781	
1195	3	3	3	0	2	389	1292	374	309	785	
1196	3	3	3	0	2	388	1292	374	309	785	
1197	3	3	0	0	2	387	1292	333	303	789	
1198	3	3	0	0	2	386	1292	333	303	789	
1199	3	3	0	0	2	385	1292	327	297	793	
1200	3	3	0	0	2	384	1292	327	297	793	
1201	3	3	0	0	2	383	1292	321	291	797	
1202	3	3	0	0	2	382	1292	321	291	797	
1203	3	3	0	0	2	381	1292	315	285	801	
1204	3	3	0	0	2	380	1292	315	285	801	
1205	3	3	0	0	2	379	1292	309	279	805	
1206	3	3	0	0	2	378	497	309	279	805	
1207	3	3	0	0	2	377	496	303	273	809	
1208	3	3	0	0	2	376	495	303	273	809	
1209	3	3	0	0	2	375	494	297	267	883	
1210	3	3	0	0	2	374	493	297	267	883	
1211	0	3	0	0	2	333	492	291	261	887	
1212	0	3	0	0	2	327	491	291	261	887	
1213	0	3	0	0	2	321	490	285	255	891	
1214	0	3	0	0	2	315	489	285	255	891	
1215	0	3	0	0	2	309	488	279	249	895	
1216	0	3	0	0	2	303	487	279	249	895	
1217	0	3	0	0	2	297	486	273	201	899	
1218	0	3	0	0	2	291	485	273	201	899	
1219	0	3	0	1	2	285	484	267	202	903	
1220	0	3	0	1	2	279	483	267	202	903	
1221	0	3	3	1	2	273	482	1292	203	907	
1222	0	3	3	1	2	267	481	1292	203	907	
1223	0	3	3	1	2	261	480	1292	204	911	
1224	0	0	3	1	2	255	453	1292	204	911	
1225	0	0	3	1	2	249	449	1292	205	915	
1226	0	0	3	1	2	201	445	1292	205	915	
1227	1	0	3	1	2	202	441	1292	206	919	
1228	1	0	3	1	2	203	437	1292	206	919	
1229	1	0	3	1	2	204	433	1292	207	923	
1230	1	0	3	1	2	205	429	1292	207	923	
1231	1	0	3	3	2	206	425	1292	1292	927	
1232	1	0	3	3	2	207	421	1292	1292	927	
1233	1	0	3	3	2	208	417	1292	1292	1020	
1234	1	0	3	3	2	209	413	1292	1292	1020	
1235	1	0	3	3	1	210	361	1292	1292	1021	
1236	1	3	3	3	1	211	360	1292	1292	1021	
1237	1	3	3	3	1	212	359	1292	1292	1022	
1238	1	3	3	3	1	213	358	1292	1292	1022	
1239	1	3	3	3	1	214	357	1292	1292	1023	
1240	1	3	3	3	1	215	356	1292	1292	1023	
1241	1	3	3	3	1	216	355	1292	1292	1024	
1242	1	3	3	3	1	217	354	1292	1292	1024	
1243	1	3	3	3	1	218	353	1292	1292	1025	
1244	1	3	3	3	1	219	352	1292	1292	1025	
1245	1	3	3	3	1	220	351	1292	1292	1026	
1246	1	3	3	3	1	221	350	1292	1292	1026	
1247	1	3	3	3	1	222	349	1292	1292	1027	
1248	1	0	3	3	1	223	331	1292	1292	1027	
1249	1	0	3	3	1	224	325	1292	1292	1028	
1250	1	0	3	3	1	225	319	1292	1292	1028	
1251	1	0	3	3	2	226	313	1292	1292	1034	
1252	1	0	3	3	2	227	307	1292	1292	1034	
1253	1	0	3	3	2	228	301	1292	1292	1040	
1254	1	0	3	3	2	229	295	1292	1292	1040	
1255	1	0	3	3	2	230	289	1292	1292	1046	
1256	1	0	3	3	2	231	283	1292	1292	1046	
1257	1	0	3	3	2	232	277	1292	1292	1052	
1258	1	0	3	3	2	233	271	1292	1292	1052	
1259	1	0	3	3	2	234	265	1292	1292	1058	
1260	1	0	3	3	2	235	259	497	1292	1058	
1261	1	0	3	3	2	236	253	496	1292	1064	
1262	1	0	3	3	2	237	247	495	1292	1064	
1263	2	0	3	3	2	251	165	494	1292	1070	
1264	2	3	3	3	2	257	164	493	1292	1070	
1265	2	3	3	3	2	263	163	492	1292	1076	
1266	2	3	3	3	2	269	162	491	1292	1076	
1267	2	3	3	3	2	275	161	490	1292	1082	
1268	2	3	3	3	2	281	160	489	1292	1082	
1269	2	3	3	3	2	287	159	488	1292	1088	
1270	2	3	3	3	2	293	158	487	497	1088	
1271	2	3	3	3	2	299	157	486	496	1094	
1272	2	3	3	3	2	305	156	485	495	1094	
1273	2	3	3	3	2	311	155	484	494	1124	
1274	2	3	3	3	2	317	154	483	493	1124	
1275	2	3	3	3	2	323	153	482	492	1130	
1276	2	3	3	3	2	329	152	481	491	1130	
1277	2	3	3	3	2	335	151	480	490	1136	
1278	2	3	0	3	2	399	150	453	489	1136	
1279	2	3	0	3	2	415	149	449	488	1142	
1280	2	3	0	3	2	419	148	445	487	1142	
1281	2	3	0	3	2	423	147	441	486	1148	
1282	2	3	0	3	2	427	146	437	485	1148	
1283	2	3	0	3	2	431	145	433	484	1154	
1284	2	0	0	3	2	435	139	429	483	1154	
1285	2	0	0	3	2	439	133	425	482	1160	
1286	2	0	0	3	2	443	127	421	481	1160	
1287	2	0	0	3	2	447	121	417	480	1166	
1288	2	0	0	2	2	451	115	413	542	1166	
1289	2	0	0	2	2	455	109	361	546	1172	
1290	2	0	1	2	2	540	103	362	550	1172	
1291	2	0	1	2	2	544	97	363	554	1178	
1292	2	0	1	2	2	548	91	364	558	1178	
1293	2	0	1	2	2	552	85	365	562	1184	
1294	2	0	1	2	2	556	79	366	566	1184	
1295	2	0	1	2	2	560	0	367	570	1190	
1296	2	1	1	2	2	564	1	368	574	1190	
1297	2	1	1	2	2	568	2	369	578	1291	
1298	2	1	1	2	2	572	3	370	582	1291	
1299	2	1	1	2	3	576	4	371	598	1290	
1300	2	1	1	2	3	580	5	372	615	1290	
1301	2	1	1	2	3	584	6	373	621	1289	
1302	2	1	0	2	3	612	7	332	627	1289	
1303	2	1	0	2	3	618	8	326	633	1288	
1304	2	1	0	2	3	624	9	320	639	1288	
1305	2	1	0	2	3	630	10	314	645	1287	
1306	2	1	0	2	3	636	11	308	651	1287	
1307	2	1	0	2	3	642	12	302	657	1286	
1308	2	1	0	2	3	648	13	296	663	1286	
1309	2	1	0	2	3	654	14	290	669	1285	
1310	2	1	0	2	3	660	15	284	675	1285	
1311	2	1	0	2	3	666	16	278	704	1284	
1312	2	1	0	1	3	672	17	272	705	1284	
1313	2	1	0	1	3	678	18	266	706	1283	
1314	2	1	0	1	3	753	19	260	707	1283	
1315	2	1	0	1	3	769	20	254	708	1282	
1316	2	2	0	1	3	773	80	248	709	1282	
1317	2	2	0	1	3	777	86	189	710	1281	
1318	2	2	1	1	3	781	92	190	711	1281	
1319	2	2	1	1	3	785	98	191	712	1280	
1320	2	2	1	1	3	789	104	192	713	1280	
1321	2	2	1	1	3	793	110	193	714	1279	
1322	2	2	1	1	3	797	116	194	715	1279	
1323	2	2	1	1	3	801	122	195	716	1278	
1324	2	2	1	1	3	805	128	196	717	1278	
1325	2	2	1	1	3	809	134	197	718	1277	
1326	2	2	1	1	3	883	140	198	719	1277	
1327	2	2	1	1	3	887	165	199	720	1276	
1328	2	1	1	1	3	891	166	200	721	1276	
1329	2	1	1	1	3	895	167	201	722	1275	
1330	2	1	2	1	3	899	168	249	723	1275	
1331	2	1	2	1	3	903	169	255	724	1274	
1332	2	1	2	1	3	907	170	261	725	1274	
1333	2	1	2	1	3	911	171	267	726	1273	
1334	2	1	2	1	3	915	172	273	727	1273	
1335	2	1	2	1	3	919	173	279	728	1272	
1336	2	1	2	1	3	923	174	285	729	1272	
1337	2	1	2	1	3	927	175	291	730	1271	
1338	2	1	2	1	3	1020	176	297	731	1271	
1339	3	1	2	1	3	1019	177	303	732	1270	
1340	3	1	2	1	3	1018	178	309	733	1270	
1341	3	1	2	1	3	1017	179	315	734	1269	
1342	1	1	2	1	3	1018	180	321	735	1268	
1343	1	1	2	1	3	1019	181	327	736	1267	
1344	1	1	2	1	3	1020	182	333	737	1266	
1345	0	1	2	1	3	927	183	374	738	1265	
1346	0	1	1	1	3	923	184	375	739	1264	
1347	0	1	1	1	3	919	185	376	740	1263	
1348	0	1	1	0	3	915	186	377	676	1262	
1349	0	1	1	0	3	911	187	378	670	1261	
1350	0	1	1	0	3	907	188	379	664	1260	
1351	0	1	1	0	3	903	189	380	658	1259	
1352	0	2	1	0	0	899	248	381	652	1188	
1353	0	2	1	0	0	895	254	382	646	1182	
1354	0	2	1	0	0	891	260	383	640	1176	
1355	0	2	1	0	0	887	266	384	634	1170	
1356	0	2	1	0	0	883	272	385	628	1164	
1357	0	2	1	0	0	809	278	386	622	1158	
1358	0	2	2	0	0	805	284	414	616	1152	
1359	0	2	2	0	0	801	290	418	599	1146	
1360	0	2	2	0	0	797	296	422	583	1140	
1361	0	2	2	0	0	793	302	426	579	1134	
1362	0	2	2	0	0	789	308	430	575	1128	
1363	0	2	2	0	0	785	314	434	571	1122	
1364	0	2	2	0	3	781	320	438	567	1121	
1365	0	2	2	0	3	777	326	442	563	1120	
1366	0	2	2	0	3	773	332	446	559	1119	
1367	0	2	2	0	3	769	373	450	555	1118	
1368	0	3	2	0	3	753	372	454	551	1117	
1369	1	3	2	0	3	754	371	516	547	1116	
1370	1	3	1	0	3	755	370	517	543	1115	
1371	1	3	1	0	3	756	369	518	516	1114	
1372	1	3	1	1	3	757	368	519	517	1113	
1373	1	3	1	1	3	758	367	520	518	1112	
1374	1	3	1	1	3	759	366	521	519	1111	
1375	1	3	1	1	3	760	365	522	520	1110	
1376	1	3	1	1	0	761	364	523	521	1092	
1377	1	3	1	1	0	762	363	524	522	1086	
1378	1	3	1	1	0	763	362	525	523	1080	
1379	1	3	1	1	0	764	361	526	524	1074	
1380	1	2	1	1	0	765	413	527	525	1068	
1381	1	2	1	1	0	679	417	528	526	1062	
1382	1	2	1	1	0	680	421	529	527	1056	
1383	1	2	1	1	0	681	425	530	528	1050	
1384	1	2	1	1	0	682	429	531	529	1044	
1385	1	2	1	1	0	683	433	532	530	1038	
1386	1	2	1	1	0	684	437	533	531	1032	
1387	1	2	1	1	0	685	441	534	532	984	
1388	1	2	1	1	3	686	445	535	533	983	
1389	1	2	1	1	3	687	449	536	534	982	
1390	1	2	1	1	3	688	453	537	535	981	
1391	1	2	1	1	3	689	480	538	536	980	
1392	1	3	1	1	3	690	479	539	537	979	
1393	1	3	1	1	3	691	478	540	538	978	
1394	0	3	2	1	3	673	477	544	539	977	
1395	0	3	2	1	3	667	476	548	540	976	
1396	0	3	2	2	3	661	475	552	544	975	
1397	0	3	2	2	3	655	474	556	548	974	
1398	0	3	2	2	3	649	473	560	552	973	
1399	0	3	2	2	3	643	472	564	556	972	
1400	0	3	2	2	3	637	471	568	560	971	
1401	2	3	2	2	3	643	470	572	564	970	
1402	2	3	2	2	3	649	469	576	568	969	
1403	2	3	2	2	3	655	468	580	572	968	
1404	2	3	2	2	3	661	467	584	576	967	
1405	2	3	2	2	3	667	466	612	580	966	
1406	2	3	2	2	3	673	465	618	584	965	
1407	2	3	2	2	3	691	464	624	612	964	
1408	1	3	2	2	3	692	463	630	618	963	
1409	1	3	2	2	3	693	462	636	624	962	
1410	1	3	2	2	3	694	461	642	630	961	
1411	1	3	2	2	3	695	460	648	636	960	
1412	1	3	2	2	3	696	459	654	642	959	
1413	1	3	2	2	3	697	458	660	648	958	
1414	1	3	2	2	3	698	457	666	654	957	
1415	1	3	2	2	3	699	456	672	660	956	
1416	1	2	2	2	3	700	541	678	666	955	
1417	1	2	2	2	3	701	545	753	672	954	
1418	1	2	3	2	3	702	549	752	678	953	
1419	1	2	3	2	3	703	553	751	753	952	
1420	0	2	3	3	3	674	557	750	752	951	
1421	0	2	3	3	3	668	561	749	751	950	
1422	0	2	3	3	3	662	565	748	750	949	
1423	0	2	3	3	3	656	569	747	749	948	
1424	0	2	3	3	3	650	573	746	748	947	
1425	0	2	3	3	3	644	577	745	747	946	
1426	0	2	3	3	3	638	581	744	746	945	
1427	0	2	3	3	3	632	585	743	745	944	
1428	0	2	3	3	3	626	613	742	744	943	
1429	0	2	3	3	3	620	619	741	743	942	
1430	0	2	0	3	3	614	625	677	742	941	
1431	0	2	0	3	3	586	631	671	741	940	
1432	1	2	0	0	3	587	637	665	677	939	
1433	1	2	0	0	3	588	643	659	671	938	
1434	1	2	0	0	3	589	649	653	665	937	
1435	1	2	0	0	3	590	655	647	659	936	
1436	1	2	0	0	0	591	661	641	653	924	
1437	1	2	0	0	0	592	667	635	647	920	
1438	1	2	0	0	0	593	673	629	641	916	
1439	1	2	0	0	0	594	691	623	635	912	
1440	1	1	0	0	0	595	692	617	629	908	
1441	1	1	0	0	0	596	693	611	623	904	
1442	1	1	3	0	0	597	694	610	617	900	
1443	1	1	3	0	0	598	695	609	611	896	
1444	0	1	3	3	0	582	696	608	610	892	
1445	0	1	3	3	0	578	697	607	609	888	
1446	0	1	3	3	0	574	698	606	608	884	
1447	0	1	3	3	0	570	699	605	607	810	
1448	0	1	3	3	0	566	700	604	606	806	
1449	0	1	3	3	0	562	701	603	605	802	
1450	0	1	3	3	0	558	702	602	604	798	
1451	0	1	3	3	0	554	703	601	603	794	
1452	0	0	3	3	0	550	674	600	602	790	
1453	0	0	3	3	0	546	668	599	601	786	
1454	0	0	0	3	0	542	662	583	600	782	
1455	0	0	0	3	0	480	656	579	599	778	
1456	0	0	0	0	0	453	650	575	583	774	
1457	0	0	0	0	0	449	644	571	579	770	
1458	0	0	0	0	0	445	638	567	575	766	
1459	0	0	0	0	0	441	632	563	571	691	
1460	0	0	0	0	0	437	626	559	567	673	
1461	0	0	0	0	0	433	620	555	563	667	
1462	0	0	0	0	0	429	614	551	559	661	
1463	0	0	0	0	0	425	586	547	555	655	
1464	0	1	0	0	0	421	587	543	551	649	
1465	0	1	0	0	0	417	588	516	547	643	
1466	0	1	3	0	0	413	589	515	543	637	
1467	0	1	3	0	0	361	590	514	516	631	
1468	3	1	3	3	0	360	591	513	515	625	
1469	3	1	3	3	0	359	592	512	514	619	
1470	3	1	3	3	0	358	593	511	513	613	
1471	3	1	3	3	0	357	594	510	512	585	
1472	3	1	3	3	0	356	595	509	511	581	
1473	3	1	3	3	0	355	596	508	510	577	
1474	3	1	3	3	0	354	597	507	509	573	
1475	3	1	3	3	0	353	598	506	508	569	
1476	3	0	3	3	0	352	582	505	507	565	
1477	3	0	3	3	0	351	578	504	506	561	
1478	3	0	3	3	0	350	574	503	505	557	
1479	3	0	3	3	0	349	570	502	504	553	
1480	0	0	3	3	0	331	566	501	503	549	
1481	0	0	3	3	0	325	562	500	502	545	
1482	0	0	3	3	0	319	558	499	501	541	
1483	0	0	3	3	0	313	554	498	500	456	
1484	0	0	3	3	0	307	550	497	499	452	
1485	0	0	3	3	0	301	546	496	498	448	
1486	0	0	3	3	0	295	542	495	497	444	
1487	0	0	3	3	0	289	480	494	496	440	
1488	0	0	3	3	0	283	453	493	495	436	
1489	0	0	3	3	0	277	449	492	494	432	
1490	0	0	3	3	0	271	445	491	493	428	
1491	0	0	3	3	0	265	441	490	492	424	
1492	0	0	3	3	0	259	437	489	491	420	
1493	0	0	3	3	0	253	433	488	490	416	
1494	0	0	3	3	0	247	429	487	489	412	
1495	0	0	3	3	0	165	425	486	488	348	
1496	0	0	3	3	0	140	421	485	487	330	
1497	0	0	3	3	0	134	417	484	486	324	
1498	0	0	3	3	0	128	413	483	485	318	
1499	0	0	3	3	0	122	361	482	484	312	
1500	0	3	3	3	0	116	360	481	483	306	
1501	0	3	3	3	0	110	359	480	482	300	
1502	0	3	0	3	0	104	358	453	481	294	
1503	0	3	0	3	0	98	357	449	480	288	
1504	0	3	0	0	0	92	356	445	453	282	
1505	0	3	0	0	0	86	355	441	449	276	
1506	0	3	0	0	0	80	354	437	445	270	
1507	0	3	0	0	0	20	353	433	441	264	
1508	3	3	0	0	0	19	352	429	437	258	
1509	3	3	0	0	0	18	351	425	433	252	
1510	3	3	0	0	0	17	350	421	429	246	
1511	3	3	0	0	0	16	349	417	425	153	
1512	3	0	0	0	3	15	331	413	421	152	
1513	3	0	0	0	3	14	325	361	417	151	
1514	3	0	3	0	3	13	319	360	413	150	
1515	3	0	3	0	3	12	313	359	361	149	
1516	3	0	3	3	3	11	307	358	360	148	
1517	3	0	3	3	3	10	301	357	359	147	
1518	3	0	3	3	3	9	295	356	358	146	
1519	3	0	3	3	3	8	289	355	357	145	
1520	3	0	3	3	0	7	283	354	356	139	
1521	3	0	3	3	0	6	277	353	355	133	
1522	3	0	3	3	0	5	271	352	354	127	
1523	3	0	3	3	0	4	265	351	353	121	
1524	3	0	3	3	0	3	259	350	352	115	
1525	3	0	3	3	0	2	253	349	351	109	
1526	3	0	0	3	0	1	247	331	350	103	
1527	3	0	0	3	0	0	165	325	349	97	
1528	2	3	0	0	0	79	164	319	331	91	
1529	3	3	3	3	3	977	1292	1292	1292	1292	
1530	3	3	3	3	3	976	1292	1292	1292	1292	
1531	3	3	3	3	3	975	1292	1292	1292	1292	
1532	3	3	3	3	3	974	1292	1292	1292	1292	
1533	3	3	3	3	3	973	1292	1292	1292	1292	
1534	3	3	3	3	3	972	1292	1292	1292	1292	
1535	3	3	3	3	3	971	1292	1292	1292	1292	
1536	3	3	3	3	3	970	1292	1292	1292	1292	
1537	3	3	3	3	3	969	1292	1292	1292	1292	
1538	3	3	3	3	3	968	1292	1292	1292	1292	
1539	3	3	3	3	3	967	1292	1292	1292	1292	
1540	3	3	3	3	3	966	1292	1292	1292	1292	
1541	3	3	3	3	3	965	1292	1292	1292	1292	
1542	3	3	3	3	3	964	1292	1292	1292	1292	
1543	3	3	3	3	3	963	1292	1292	1292	1292	
1544	3	3	3	3	3	962	1292	1292	1292	1292	
1545	3	3	3	3	3	961	1292	1292	1292	1292	
1546	3	3	3	3	3	960	1292	1292	1292	1292	
1547	3	3	3	3	3	959	1292	1292	1292	1292	
1548	3	3	3	3	3	958	1292	1292	1292	1292	
1549	3	3	3	3	3	957	1292	1292	1292	1292	
1550	3	3	3	3	3	956	1292	1292	1292	1292	
1551	3	3	3	3	3	955	1292	1292	1292	1292	
1552	3	3	3	3	3	954	1292	1292	1292	1292	
1553	3	3	3	3	3	953	1292	1292	1292	1292	
1554	3	3	3	3	3	952	1292	1292	1292	1292	
1555	3	3	3	3	3	951	1292	1292	1292	1292	
1556	3	3	3	3	3	950	1292	1292	1292	1292	
1557	3	3	3	3	3	949	1292	1292	1292	1292	
1558	3	3	3	3	3	948	1292	1292	1292	1292	
1559	3	3	3	3	3	947	1292	1292	1292	1292	
1560	3	3	3	3	3	946	1292	1292	1292	1292	
1561	3	3	3	3	3	945	1292	1292	1292	1292	
1562	3	3	3	3	3	944	1292	1292	1292	1292	
1563	3	3	3	3	3	943	1292	1292	1292	1292	
1564	3	3	3	3	3	942	1292	1292	1292	1292	
1565	3	3	3	3	3	941	1292	1292	1292	1292	
1566	3	3	3	3	3	940	1292	1292	1292	1292	
1567	3	3	3	3	3	939	1292	1292	1292	1292	
1568	3	3	3	3	3	938	497	1292	1292	1292	
1569	3	3	3	3	3	937	496	1292	1292	1292	
1570	3	3	3	3	3	936	495	1292	1292	1292	
1571	3	3	3	3	3	935	494	1292	1292	1292	
1572	3	3	3	3	3	934	493	1292	1292	1292	
1573	3	3	3	3	3	933	492	1292	1292	1292	
1574	3	3	3	3	3	932	491	1292	1292	1292	
1575	3	3	3	3	3	931	490	1292	1292	1292	
1576	3	3	3	3	3	930	489	1292	1292	1292	
1577	3	3	3	3	3	929	488	1292	1292	1292	
1578	3	3	3	3	3	928	487	1292	1292	1292	
1579	2	3	3	3	3	1029	486	1292	1292	1292	
1580	2	3	3	3	3	1035	485	1292	1292	1292	
1581	2	3	3	3	3	1041	484	1292	1292	1292	
1582	2	3	3	3	3	1047	483	1292	1292	1292	
1583	2	3	3	3	3	1053	482	1292	1292	1292	
1584	2	3	3	3	3	1059	481	1292	1292	1292	
1585	2	3	3	3	3	1065	480	1292	1292	1292	
1586	2	2	3	3	3	1071	542	1292	1292	1292	
1587	2	2	3	3	3	1077	546	1292	1292	1292	
1588	2	2	3	3	3	1083	550	497	1292	1292	
1589	2	2	3	3	3	1089	554	496	1292	1292	
1590	2	2	3	3	3	1095	558	495	1292	1292	
1591	2	2	3	3	3	1125	562	494	1292	1292	
1592	2	2	3	3	3	1131	566	493	1292	1292	
1593	2	2	3	3	3	1137	570	492	1292	1292	
1594	2	0	1	3	3	1143	566	493	1292	1292	
1595	0	0	1	3	3	1137	562	494	1292	1292	
1596	0	0	1	3	3	1131	562	494	1292	1292	
1597	0	0	1	3	3	1125	558	495	1292	1292	
1598	0	0	1	3	3	1095	558	495	1292	1292	
1599	0	0	1	3	3	1089	554	496	1292	1292	
1600	0	0	1	3	3	1083	554	496	1292	1292	
1601	0	0	1	3	3	1077	550	497	1292	1292	
1602	0	0	1	3	3	1071	550	497	1292	1292	
1603	0	0	1	3	3	1065	546	498	1292	1292	
1604	0	0	1	3	3	1059	546	498	1292	1292	
1605	0	0	1	3	3	1053	542	499	1292	1292	
1606	0	0	1	3	3	1047	542	499	1292	1292	
1607	0	0	1	3	3	1041	480	500	1292	1292	
1608	0	0	1	3	3	1035	480	500	497	1292	
1609	0	0	1	3	3	1029	453	501	496	1292	
1610	0	0	1	3	3	928	453	501	495	1292	
1611	1	0	1	3	3	929	449	502	494	1292	
1612	1	0	1	3	3	930	449	502	493	1292	
1613	1	0	1	3	3	931	445	503	492	1292	
1614	1	0	1	3	3	932	445	503	491	1292	
1615	1	0	1	3	3	933	441	504	490	1292	
1616	1	0	1	3	3	934	441	504	489	1292	
1617	1	0	1	3	3	935	437	505	488	1292	
1618	1	0	1	3	3	936	437	505	487	1292	
1619	0	0	1	3	3	924	433	506	486	1292	
1620	0	0	1	3	3	920	433	506	485	1292	
1621	0	0	1	3	3	916	429	507	484	1292	
1622	0	0	1	3	3	912	429	507	483	1292	
1623	0	0	1	3	3	908	425	508	482	1292	
1624	0	0	1	3	3	904	425	508	481	1292	
1625	0	0	1	3	3	900	421	509	480	1292	
1626	0	0	1	2	3	896	421	509	542	1292	
1627	0	0	1	2	3	892	417	510	546	1292	
1628	0	0	1	2	3	888	417	510	550	497	
1629	0	0	1	2	3	884	413	511	554	496	
1630	0	0	1	2	3	810	413	511	558	495	
1631	0	0	1	2	3	806	361	512	562	494	
1632	0	0	1	2	3	802	361	512	566	493	
1633	0	1	1	2	3	798	362	513	570	492	
1634	0	1	1	2	3	794	362	513	574	491	
1635	0	1	1	2	3	790	363	514	578	490	
1636	0	1	1	2	3	786	363	514	582	489	
1637	0	1	1	2	3	782	364	515	598	488	
1638	0	1	1	2	3	778	364	515	615	487	
1639	0	1	1	2	3	774	365	516	621	486	
1640	0	1	1	2	3	770	365	516	627	485	
1641	0	1	1	2	3	766	366	517	633	484	
1642	0	1	1	2	3	691	366	517	639	483	
1643	3	1	1	2	3	690	367	518	645	482	
1644	3	1	1	2	3	689	367	518	651	481	
1645	3	1	1	2	3	688	368	519	657	480	
1646	3	1	1	2	3	687	368	519	663	479	
1647	3	1	1	2	3	686	369	520	669	478	
1648	3	1	1	2	3	685	369	520	675	477	
1649	3	1	1	2	3	684	370	521	704	476	
1650	3	1	1	1	3	683	370	521	705	475	
1651	3	1	1	1	3	682	371	522	706	474	
1652	3	1	1	1	3	681	371	522	707	473	
1653	3	1	1	1	3	680	372	523	708	472	
1654	3	1	1	1	3	679	372	523	709	471	
1655	3	1	1	1	3	765	373	524	710	470	
1656	3	1	1	1	3	764	373	524	711	469	
1657	3	0	1	1	3	763	332	525	712	468	
1658	3	0	1	1	3	762	332	525	713	467	
1659	3	0	1	1	3	761	326	526	714	466	
1660	3	0	1	1	3	760	326	526	715	465	
1661	3	0	1	1	3	759	320	527	716	464	
1662	3	0	1	1	3	758	320	527	717	463	
1663	3	0	1	1	3	757	314	528	718	462	
1664	3	0	1	1	3	756	314	528	719	461	
1665	3	0	1	1	3	755	308	529	720	460	
1666	3	0	1	1	3	754	308	529	721	459	
1667	3	0	1	1	3	753	302	530	722	458	
1668	0	0	1	1	3	678	302	530	723	457	
1669	0	0	1	1	3	672	296	531	724	456	
1670	0	0	1	1	2	666	296	531	725	541	
1671	0	0	1	1	2	660	290	532	726	545	
1672	0	0	1	1	2	654	290	532	727	549	
1673	0	0	1	1	2	648	284	533	728	553	
1674	0	0	1	1	2	642	284	533	729	557	
1675	0	0	1	1	2	636	278	534	730	561	
1676	0	0	1	1	2	630	278	534	731	565	
1677	0	0	1	1	2	624	272	535	732	569	
1678	0	0	1	1	2	618	272	535	733	573	
1679	0	0	1	1	2	612	266	536	734	577	
1680	0	0	1	1	2	584	266	536	735	581	
1681	0	0	1	1	2	580	260	537	736	585	
1682	0	0	1	1	2	576	260	537	737	613	
1683	0	0	1	1	2	572	254	538	738	619	
1684	0	0	1	1	2	568	254	538	739	625	
1685	0	0	1	1	2	564	248	539	740	631	
1686	0	0	1	0	2	560	248	539	676	637	
1687	0	0	1	0	2	556	189	540	670	643	
1688	0	0	1	0	2	552	189	540	664	649	
1689	0	3	0	0	2	548	188	455	658	655	
1690	0	3	0	0	2	544	188	455	652	661	
1691	0	3	3	0	2	540	187	1292	646	667	
1692	3	3	3	0	2	539	187	1292	640	673	
1693	3	3	3	0	2	538	186	1292	634	691	
1694	3	3	3	0	1	537	186	1292	628	692	
1695	3	3	3	0	1	536	185	1292	622	693	
1696	3	3	3	0	1	535	185	1292	616	694	
1697	3	3	3	0	1	534	184	1292	599	695	
1698	3	3	3	0	1	533	184	1292	583	696	
1699	3	3	3	0	1	532	183	1292	579	697	
1700	3	3	3	0	1	531	183	1292	575	698	
1701	3	3	3	0	1	530	182	1292	571	699	
1702	3	3	3	0	1	529	182	1292	567	700	
1703	3	3	3	0	1	528	181	1292	563	701	
1704	3	3	3	0	1	527	181	1292	559	702	
1705	3	3	3	0	1	526	180	1292	555	703	
1706	3	3	3	0	0	525	180	1292	551	674	
1707	3	3	3	0	0	524	179	1292	547	668	
1708	3	3	3	0	0	523	179	1292	543	662	
1709	3	3	3	0	0	522	178	1292	516	656	
1710	1	3	3	3	0	523	178	1292	515	650	
1711	3	3	3	3	0	522	177	1292	514	644	
1712	3	3	3	3	0	521	177	1292	513	638	
1713	3	3	3	3	0	520	176	1292	512	632	
1714	3	3	3	3	0	519	176	1292	511	626	
1715	3	3	3	3	0	518	175	1292	510	620	
1716	3	3	3	3	0	517	175	1292	509	614	
1717	3	3	3	3	0	516	174	1292	508	586	
1718	0	3	3	3	1	454	174	1292	507	587	
1719	0	3	3	3	1	450	173	1292	506	588	
1720	0	3	3	3	1	446	173	1292	505	589	
1721	0	3	3	3	1	442	172	1292	504	590	
1722	0	3	3	3	1	438	172	1292	503	591	
1723	0	3	3	3	1	434	171	1292	502	592	
1724	0	3	3	3	1	430	171	1292	501	593	
1725	0	3	3	3	1	426	170	1292	500	594	
1726	0	3	3	3	1	422	170	1292	499	595	
1727	0	3	3	3	1	418	169	1292	498	596	
1728	0	3	3	3	1	414	169	1292	497	597	
1729	0	3	3	3	1	386	168	1292	496	598	
1730	3	3	3	3	0	385	168	497	495	582	
1731	3	3	3	3	0	384	167	496	494	578	
1732	3	3	3	3	0	383	167	495	493	574	
1733	3	3	3	3	0	382	166	494	492	570	
1734	3	3	3	3	0	381	166	493	491	566	
1735	3	3	3	3	0	380	165	492	490	562	
1736	3	3	3	3	0	379	165	491	489	558	
1737	3	3	3	3	0	378	164	490	488	554	
1738	3	3	3	3	0	377	164	489	487	550	
1739	3	3	3	3	0	376	163	488	486	546	
1740	3	3	3	3	0	375	163	487	485	542	
1741	3	3	3	3	0	374	162	486	484	480	
1742	0	3	3	3	1	333	162	485	483	481	
1743	0	3	3	3	1	327	161	484	482	482	
1744	0	3	3	3	1	321	161	483	481	483	
1745	0	3	3	3	1	315	160	482	480	484	
1746	0	3	3	2	1	309	160	481	542	485	
1747	0	3	3	2	1	303	159	480	546	486	
1748	0	3	0	2	1	297	159	453	550	487	
1749	0	3	0	2	1	291	158	449	554	488	
1750	0	3	0	2	1	285	158	445	558	489	
1751	0	3	0	2	1	279	157	441	562	490	
1752	0	3	0	2	1	273	157	437	566	491	
1753	0	3	0	2	1	267	156	433	570	492	
1754	0	3	0	2	1	261	156	429	574	493	
1755	0	3	0	2	1	255	155	425	578	494	
1756	0	3	0	2	1	249	155	421	582	495	
1757	0	3	0	2	1	201	154	417	598	496	
1758	1	3	0	3	1	202	154	413	597	497	
1759	1	3	0	3	1	203	153	361	596	498	
1760	1	3	1	3	1	204	153	362	595	499	
1761	1	3	1	3	1	205	152	363	594	500	
1762	1	3	1	3	1	206	152	364	593	501	
1763	1	3	1	3	1	207	151	365	592	502	
1764	1	3	1	3	1	208	151	366	591	503	
1765	1	3	1	3	1	209	150	367	590	504	
1766	1	3	1	3	1	210	150	368	589	505	
1767	1	3	1	3	1	211	149	369	588	506	
1768	1	3	1	3	1	212	149	370	587	507	
1769	1	3	1	3	1	213	148	371	586	508	
1770	1	3	1	2	1	214	148	372	614	509	
1771	1	3	1	2	1	215	147	373	620	510	
1772	1	3	0	2	1	216	147	332	626	511	
1773	1	3	0	2	1	217	146	326	632	512	
1774	1	3	0	2	1	218	146	320	638	513	
1775	1	3	0	2	1	219	145	314	644	514	
1776	1	3	0	2	1	220	145	308	650	515	
1777	1	0	0	2	1	221	139	302	656	516	
1778	1	0	0	2	1	222	139	296	662	517	
1779	1	0	0	2	1	223	133	290	668	518	
1780	1	0	0	2	1	224	133	284	674	519	
1781	1	0	0	2	1	225	127	278	703	520	
1782	1	0	0	3	1	226	127	272	702	521	
1783	1	0	0	3	1	227	121	266	701	522	
1784	1	0	0	3	1	228	121	260	700	523	
1785	1	0	0	3	1	229	115	254	699	524	
1786	1	0	0	3	1	230	115	248	698	525	
1787	1	0	0	3	1	231	109	189	697	526	
1788	1	0	1	3	1	232	109	190	696	527	
1789	1	0	1	3	1	233	103	191	695	528	
1790	1	0	1	3	1	234	103	192	694	529	
1791	1	0	1	3	1	235	97	193	693	530	
1792	1	0	1	3	1	236	97	194	692	531	
1793	1	0	1	3	1	237	91	195	691	532	
1794	2	0	1	0	1	251	85	196	673	533	
1795	2	0	1	0	1	257	79	197	667	534	
1796	2	0	1	0	1	263	0	198	661	535	
1797	2	1	1	0	1	269	1	199	655	536	
1798	2	1	1	0	1	275	2	200	649	537	
1799	0	1	1	0	1	269	3	201	643	538	
1800	0	1	1	0	1	263	4	202	637	539	
1801	0	1	1	0	1	257	5	203	631	540	
1802	0	1	1	0	0	251	6	204	625	455	
1803	0	1	1	0	0	237	7	205	619	451	
1804	3	1	1	0	0	236	8	206	613	447	
1805	3	1	1	0	0	235	9	207	585	443	
1806	3	1	1	0	0	234	10	208	581	439	
1807	3	1	1	0	0	233	11	209	577	435	
1808	3	1	1	0	0	232	12	210	573	431	
1809	3	1	1	0	0	231	13	211	569	427	
1810	3	1	1	0	0	230	14	212	565	423	
1811	3	1	1	0	0	229	15	213	561	419	
1812	3	1	0	0	0	228	16	142	557	415	
1813	3	1	0	0	0	227	17	136	553	399	
1814	3	1	0	0	1	226	18	130	549	400	
1815	3	1	0	0	1	225	19	124	545	401	
1816	2	1	0	0	1	250	20	118	541	402	
1817	2	2	0	0	1	256	80	112	456	403	
1818	2	2	0	1	1	262	86	106	457	404	
1819	2	2	0	1	1	268	92	100	458	405	
1820	2	2	0	1	1	274	98	94	459	406	
1821	2	2	0	1	1	280	104	88	460	407	
1822	2	2	0	1	1	286	110	82	461	408	
1823	2	2	0	1	1	292	116	57	462	409	
1824	2	2	3	1	1	298	122	56	463	410	
1825	2	2	3	1	1	304	128	55	464	411	
1826	2	2	3	1	1	310	134	54	465	336	
1827	2	2	3	1	1	316	140	53	466	337	
1828	0	2	3	1	1	310	165	52	467	338	
1829	0	1	3	1	1	304	166	51	468	339	
1830	0	1	3	1	1	298	167	50	469	340	
1831	0	1	3	1	1	292	168	49	470	341	
1832	0	1	3	1	1	286	169	48	471	342	
1833	0	1	3	1	1	280	170	47	472	343	
1834	0	1	3	1	1	274	171	46	473	344	
1835	0	1	3	1	1	268	172	45	474	345	
1836	0	1	3	1	1	262	173	44	475	346	
1837	0	1	3	1	1	256	174	43	476	347	
1838	0	1	3	1	1	250	175	42	477	348	
1839	0	1	3	1	0	225	176	41	478	330	
1840	3	1	3	1	0	224	177	40	479	324	
1841	3	1	3	1	0	223	178	39	480	318	
1842	3	1	3	1	0	222	179	38	481	312	
1843	3	1	3	1	0	221	180	37	482	306	
1844	3	1	3	1	0	220	181	36	483	300	
1845	3	1	3	1	0	219	182	35	484	294	
1846	1	1	3	1	0	220	183	34	485	288	
1847	1	1	3	1	0	221	184	33	486	282	
1848	1	1	3	1	0	222	185	32	487	276	
1849	1	1	3	1	0	223	186	31	488	270	
1850	1	1	3	1	0	224	187	30	489	264	
1851	1	1	3	1	0	225	188	29	490	258	
1852	1	1	3	1	0	226	189	28	491	252	
1853	1	1	3	1	0	227	190	27	492	246	
1854	1	1	3	1	0	228	191	26	493	153	
1855	1	1	3	1	1	229	192	25	494	154	
1856	1	1	3	1	1	230	193	24	495	155	
1857	1	1	3	1	1	231	194	23	496	156	
1858	1	1	3	1	1	232	195	22	497	157	
1859	1	1	3	1	1	233	196	21	498	158	
1860	1	1	2	1	1	234	197	81	499	159	
1861	1	1	2	1	1	235	198	87	500	160	
1862	1	1	2	1	1	236	199	93	501	161	
1863	1	1	2	1	1	237	200	99	502	162	
1864	2	1	2	1	1	251	201	105	503	163	
1865	2	1	2	1	1	257	202	111	504	164	
1866	2	1	2	1	1	263	203	117	505	165	
1867	2	1	2	1	1	269	204	123	506	166	
1868	2	1	2	1	1	275	205	129	507	167	
1869	2	1	2	1	1	281	206	135	508	168	
1870	2	1	2	1	1	287	207	141	509	169	
1871	2	1	2	1	1	293	208	177	510	170	
1872	2	1	1	1	1	299	209	178	511	171	
1873	2	1	1	1	1	305	210	179	512	172	
1874	2	1	1	1	1	311	211	180	513	173	
1875	2	1	1	1	1	317	212	181	514	174	
1876	2	1	1	1	1	323	213	182	515	175	
1877	2	1	1	1	1	329	214	183	516	176	
1878	2	1	1	2	1	335	215	184	543	177	
1879	2	1	1	2	1	399	216	185	547	178	
1880	1	1	1	2	1	400	217	186	551	179	
1881	1	1	1	2	1	401	218	187	555	180	
1882	1	1	1	2	1	402	219	188	559	181	
1883	1	1	1	2	1	403	220	189	563	182	
1884	1	1	1	2	1	404	221	190	567	183	
1885	1	1	1	2	1	405	222	191	571	184	
1886	1	1	1	2	1	406	223	192	575	185	
1887	1	1	1	2	1	407	224	193	579	186	
1888	1	1	1	2	1	408	225	194	583	187	
1889	1	1	1	2	1	409	226	195	599	188	
1890	1	1	1	1	1	410	227	196	600	189	
1891	1	1	1	1	1	411	228	197	601	190	
1892	1	1	1	1	1	336	229	198	602	191	
1893	1	1	1	1	1	337	230	199	603	192	
1894	1	1	1	1	1	338	231	200	604	193	
1895	1	1	1	1	1	339	232	201	605	194	
1896	1	1	2	1	1	340	233	249	606	195	
1897	1	1	2	1	1	341	234	255	607	196	
1898	1	1	2	1	1	342	235	261	608	197	
1899	1	1	2	1	1	343	236	267	609	198	
1900	1	1	2	1	1	344	237	273	610	199	
1901	1	2	2	1	1	345	251	279	611	200	
1902	1	2	2	2	1	346	257	285	617	201	
1903	1	2	2	2	2	347	263	291	623	249	
1904	1	2	2	2	2	348	269	297	629	255	
1905	0	2	2	2	2	330	275	303	635	261	
1906	0	2	2	2	2	324	281	309	641	267	
1907	0	2	2	2	2	318	287	315	647	273	
1908	0	2	2	2	2	312	293	321	653	279	
1909	0	2	2	2	2	306	299	327	659	285	
1910	0	2	2	2	2	300	305	333	665	291	
1911	0	2	2	2	2	294	311	374	671	297	
1912	0	2	1	2	2	288	317	375	677	303	
1913	0	2	1	2	2	282	323	376	741	309	
1914	0	2	1	1	2	276	329	377	742	315	
1915	0	2	1	1	2	270	335	378	743	321	
1916	0	2	1	1	2	264	399	379	744	327	
1917	0	2	1	1	2	258	415	380	745	333	
1918	0	2	1	1	2	252	419	381	746	374	
1919	0	2	1	1	1	246	423	382	747	375	
1920	0	2	1	1	1	153	427	383	748	376	
1921	3	2	1	1	1	152	431	384	749	377	
1922	3	2	1	1	1	151	435	385	750	378	
1923	3	2	1	1	1	150	439	386	751	379	
1924	3	2	2	1	1	149	443	414	752	380	
1925	3	2	2	1	1	148	447	418	753	381	
1926	3	2	2	0	1	147	451	422	678	382	
1927	3	2	2	0	1	146	455	426	672	383	
1928	3	2	2	0	1	145	540	430	666	384	
1929	0	3	2	0	1	139	539	434	660	385	
1930	0	3	2	0	1	133	538	438	654	386	
1931	0	3	2	0	2	127	537	442	648	414	
1932	0	3	2	0	2	121	536	446	642	418	
1933	2	3	2	0	2	127	535	450	636	422	
1934	2	3	2	0	2	133	534	454	630	426	
1935	2	3	2	0	2	139	533	516	624	430	
1936	2	3	3	0	2	145	532	515	618	434	
1937	1	3	3	0	2	146	531	514	612	438	
1938	1	3	3	0	2	147	530	513	584	442	
1939	1	3	3	0	2	148	529	512	580	446	
1940	1	3	3	0	2	149	528	511	576	450	
1941	1	3	3	0	2	150	527	510	572	454	
1942	1	3	3	0	2	151	526	509	568	516	
1943	1	3	3	0	3	152	525	508	564	515	
1944	1	3	3	0	3	153	524	507	560	514	
1945	1	3	3	0	3	154	523	506	556	513	
1946	1	3	3	0	3	155	522	505	552	512	
1947	1	3	3	0	3	156	521	504	548	511	
1948	1	3	3	0	3	157	520	503	544	510	
1949	1	3	3	0	3	158	519	502	540	509	
1950	1	3	3	3	3	159	518	501	539	508	
1951	1	3	3	3	3	160	517	500	538	507	
1952	1	3	3	3	3	161	516	499	537	506	
1953	1	3	3	3	3	162	515	498	536	505	
1954	1	3	3	3	3	163	514	497	535	504	
1955	1	3	3	3	3	164	513	496	534	503	
1956	1	3	3	3	3	165	512	495	533	502	
1957	1	3	3	3	3	166	511	494	532	501	
1958	1	3	3	3	3	167	510	493	531	500	
1959	1	3	3	3	3	168	509	492	530	499	
1960	1	3	3	3	3	169	508	491	529	498	
1961	1	3	3	3	3	170	507	490	528	497	
1962	1	3	3	3	3	171	506	489	527	496	
1963	1	3	3	3	3	172	505	488	526	495	
1964	1	3	3	3	3	173	504	487	525	494	
1965	1	3	3	3	3	174	503	486	524	493	
1966	1	3	3	3	3	175	502	485	523	492	
1967	1	3	3	3	3	176	501	484	522	491	
1968	1	3	3	3	3	177	500	483	521	490	
1969	1	3	3	3	3	178	499	482	520	489	
1970	1	3	3	3	3	179	498	481	519	488	
1971	1	3	3	3	3	180	497	480	518	487	
1972	1	3	0	3	3	181	496	453	517	486	
1973	1	3	0	3	3	182	495	449	516	485	
1974	1	3	0	3	3	183	494	445	515	484	
1975	1	3	0	3	3	184	493	441	514	483	
1976	1	3	0	3	3	185	492	437	513	482	
1977	1	3	0	3	3	186	491	433	512	481	
1978	1	3	0	3	3	187	490	429	511	480	
1979	1	3	0	3	0	188	489	425	510	453	
1980	1	3	0	3	0	189	488	421	509	449	
1981	2	3	0	3	0	248	487	417	508	445	
1982	2	3	0	3	0	254	486	413	507	441	
1983	2	3	0	3	0	260	485	361	506	437	
1984	2	3	1	3	0	266	484	362	505	433	
1985	2	3	1	3	0	272	483	363	504	429	
1986	2	3	1	3	0	278	482	364	503	425	
1987	2	3	1	3	0	284	481	365	502	421	
1988	2	3	1	3	0	290	480	366	501	417	
1989	0	0	1	3	0	284	453	367	500	413	
1990	0	0	1	3	0	278	449	368	499	361	
1991	0	0	1	3	1	272	445	369	498	362	
1992	0	0	1	3	1	266	441	370	497	363	
1993	0	0	1	3	1	260	437	371	496	364	
1994	0	0	1	3	1	254	433	372	495	365	
1995	0	0	1	3	1	248	429	373	494	366	
1996	0	0	0	3	1	189	425	332	493	367	
1997	1	0	0	3	1	190	421	326	492	368	
1998	1	0	0	3	1	191	417	320	491	369	
1999	1	0	0	3	1	192	413	314	490	370	
2000	1	0	0	3	1	193	361	308	489	371	
2001	1	1	0	3	1	194	362	302	488	372	
2002	1	1	0	3	1	195	363	296	487	373	
2003	1	1	0	3	0	196	364	290	486	332	
2004	1	1	0	3	0	197	365	284	485	326	
2005	1	1	0	3	0	198	366	278	484	320	
2006	1	1	0	3	0	199	367	272	483	314	
2007	1	1	0	3	0	200	368	266	482	308	
2008	1	1	0	3	0	201	369	260	481	302	
2009	1	1	0	3	0	202	370	254	480	296	
2010	1	1	0	0	0	203	371	248	453	290	
2011	1	1	0	0	0	204	372	189	449	284	
2012	1	1	1	0	0	205	373	190	445	278	
2013	1	0	1	0	0	206	332	191	441	272	
2014	1	0	1	0	0	207	326	192	437	266	
2015	1	0	1	0	0	208	320	193	433	260	
2016	1	0	1	0	0	209	314	194	429	254	
2017	1	0	1	0	0	210	308	195	425	248	
2018	1	0	1	0	0	211	302	196	421	189	
2019	1	0	1	0	1	212	296	197	417	190	
2020	1	0	1	0	1	213	290	198	413	191	
2021	1	0	1	0	1	214	284	199	361	192	
2022	1	0	1	1	1	215	278	200	362	193	
2023	1	0	1	1	1	216	272	201	363	194	
2024	1	0	1	1	1	217	266	202	364	195	
2025	1	0	1	1	1	218	260	203	365	196	
2026	1	0	1	1	1	219	254	204	366	197	
2027	1	0	1	1	1	220	248	205	367	198	
2028	1	0	1	1	1	221	189	206	368	199	
2029	1	1	1	1	1	222	190	207	369	200	
2030	1	1	1	1	1	223	191	208	370	201	
2031	1	1	1	1	1	224	192	209	371	202	
2032	1	1	1	1	1	225	193	210	372	203	
2033	1	1	1	1	1	226	194	211	373	204	
2034	1	1	1	0	1	227	195	212	332	205	
2035	1	1	1	0	1	228	196	213	326	206	
2036	1	1	1	0	1	229	197	214	320	207	
2037	1	1	1	0	1	230	198	215	314	208	
2038	1	1	1	0	1	231	199	216	308	209	
2039	1	1	1	0	1	232	200	217	302	210	
2040	1	1	1	0	1	233	201	218	296	211	
2041	1	1	1	0	1	234	202	219	290	212	
2042	1	1	1	0	1	235	203	220	284	213	
2043	1	1	1	0	1	236	204	221	278	214	
2044	1	1	1	0	1	237	205	222	272	215	
2045	2	1	1	0	1	251	206	223	266	216	
2046	2	1	1	0	1	257	207	224	260	217	
2047	2	1	1	0	1	263	208	225	254	218	
2048	2	1	2	0	1	269	209	250	248	219	
2049	2	1	2	0	1	275	210	256	189	220	
2050	2	1	2	1	1	281	211	262	190	221	
2051	2	1	2	1	1	287	212	268	191	222	
2052	2	1	2	1	1	293	213	274	192	223	
2053	2	1	2	1	1	299	214	280	193	224	
2054	2	1	2	1	1	305	215	286	194	225	
2055	2	1	2	1	2	311	216	292	195	250	
2056	2	1	2	1	2	317	217	298	196	256	
2057	2	1	2	1	2	323	218	304	197	262	
2058	2	1	2	1	2	329	219	310	198	268	
2059	2	1	2	1	2	335	220	316	199	274	
2060	2	1	2	1	2	399	221	322	200	280	
2061	1	1	2	1	2	400	222	328	201	286	
2062	1	1	2	1	2	401	223	334	202	292	
2063	1	1	2	1	2	402	224	398	203	298	
2064	1	1	3	1	2	403	225	397	204	304	
2065	1	0	3	1	2	404	143	396	205	310	
2066	1	0	3	1	2	405	137	395	206	316	
2067	1	0	3	1	2	406	131	394	207	322	
2068	1	0	3	1	2	407	125	393	208	328	
2069	1	0	3	1	2	408	119	392	209	334	
2070	1	0	3	1	2	409	113	391	210	398	
2071	1	0	3	1	3	410	107	390	211	397	
2072	1	0	3	1	3	411	101	389	212	396	
2073	1	0	3	1	3	336	95	388	213	395	
2074	1	0	3	0	3	337	89	387	142	394	
2075	1	0	3	0	3	338	83	386	136	393	
2076	1	0	3	0	3	339	58	385	130	392	
2077	1	1	3	0	3	340	59	384	124	391	
2078	1	1	3	0	3	341	60	383	118	390	
2079	1	1	3	0	3	342	61	382	112	389	
2080	1	1	3	0	3	343	62	381	106	388	
2081	1	1	3	0	3	344	63	380	100	387	
2082	1	1	3	0	3	345	64	379	94	386	
2083	1	1	3	0	3	346	65	378	88	385	
2084	1	1	3	0	3	347	66	377	82	384	
2085	1	1	3	0	3	348	67	376	57	383	
2086	2	1	3	3	3	412	68	375	56	382	
2087	2	1	3	3	3	416	69	374	55	381	
2088	2	1	0	3	3	420	70	333	54	380	
2089	2	1	0	3	3	424	71	327	53	379	
2090	2	1	0	3	3	428	72	321	52	378	
2091	2	1	0	3	3	432	73	315	51	377	
2092	2	1	0	3	3	436	74	309	50	376	
2093	2	1	0	3	3	440	75	303	49	375	
2094	2	1	0	3	3	444	76	297	48	374	
2095	2	1	0	3	0	448	77	291	47	333	
2096	2	1	0	3	0	452	78	285	46	327	
2097	2	2	0	3	0	456	84	279	45	321	
2098	1	2	0	3	0	457	90	273	44	315	
2099	1	2	0	3	0	458	96	267	43	309	
2100	1	2	0	3	0	459	102	261	42	303	
2101	1	2	0	3	0	460	108	255	41	297	
2102	1	2	0	3	0	461	114	249	40	291	
2103	1	2	0	3	0	462	120	201	39	285	
2104	1	2	3	3	0	463	126	200	38	279	
2105	1	2	3	3	0	464	132	199	37	273	
2106	1	2	3	3	0	465	138	198	36	267	
2107	1	2	3	3	0	466	144	197	35	261	
2108	1	2	3	3	0	467	245	196	34	255	
2109	1	3	3	3	0	468	244	195	33	249	
2110	1	3	3	3	0	469	243	194	32	201	
2111	1	3	3	3	3	470	242	193	31	200	
2112	1	3	3	3	3	471	241	192	30	199	
2113	1	3	3	3	3	472	240	191	29	198	
2114	1	3	3	3	3	473	239	190	28	197	
2115	1	3	3	3	3	474	238	189	27	196	
2116	1	3	2	3	3	475	237	248	26	195	
2117	1	3	2	3	3	476	236	254	25	194	
2118	1	3	2	3	3	477	235	260	24	193	
2119	1	3	2	3	3	478	234	266	23	192	
2120	1	3	2	3	3	479	233	272	22	191	
2121	1	3	2	3	3	480	232	278	21	190	
2122	0	3	2	2	3	453	231	284	81	189	
2123	0	3	2	2	3	449	230	290	87	188	
2124	0	3	2	2	3	445	229	296	93	187	
2125	2	3	2	2	3	449	228	302	99	186	
2126	2	3	2	2	3	453	227	308	105	185	
2127	2	3	2	2	3	480	226	314	111	184	
2128	2	3	2	2	3	542	225	320	117	183	
2129	2	3	2	2	3	546	224	326	123	182	
2130	2	3	2	2	3	550	223	332	129	181	
2131	2	3	2	2	3	554	222	373	135	180	
2132	2	3	3	2	3	558	221	372	141	179	
2133	2	3	3	2	3	562	220	371	177	178	
2134	2	3	3	3	3	566	219	370	176	177	
2135	2	3	3	3	3	570	218	369	175	176	
2136	2	3	3	3	3	574	217	368	174	175	
2137	2	3	3	3	3	578	216	367	173	174	
2138	2	3	3	3	3	582	215	366	172	173	
2139	2	3	3	3	3	598	214	365	171	172	
2140	3	3	3	3	3	597	213	364	170	171	
2141	3	3	3	3	3	596	212	363	169	170	
2142	3	3	3	3	3	595	211	362	168	169	
2143	3	3	3	3	3	594	210	361	167	168	
2144	3	3	2	3	3	593	209	413	166	167	
2145	3	3	2	3	3	592	208	417	165	166	
2146	3	3	2	2	3	591	207	421	247	165	
2147	3	3	2	2	2	590	206	425	253	247	
2148	3	3	2	2	2	589	205	429	259	253	
2149	3	3	2	2	2	588	204	433	265	259	
2150	3	3	2	2	2	587	203	437	271	265	
2151	3	3	2	2	2	586	202	441	277	271	
2152	2	3	2	2	2	614	201	445	283	277	
2153	2	2	2	2	2	620	249	449	289	283	
2154	2	2	2	2	2	626	255	453	295	289	
2155	2	2	2	2	2	632	261	480	301	295	
2156	2	2	2	2	2	638	267	542	307	301	
2157	2	2	2	2	2	644	273	546	313	307	
2158	2	2	2	2	2	650	279	550	319	313	
2159	2	2	2	2	2	656	285	554	325	319	
2160	2	2	2	2	2	662	291	558	331	325	
2161	2	2	2	2	2	668	297	562	349	331	
2162	2	2	2	1	2	674	303	566	350	349	
2163	2	2	2	1	1	703	309	570	351	350	
2164	3	2	2	1	1	702	315	574	352	351	
2165	3	2	2	1	1	701	321	578	353	352	
2166	3	2	2	1	1	700	327	582	354	353	
2167	3	2	2	1	1	699	333	598	355	354	
2168	3	2	3	1	1	698	374	597	356	355	
2169	3	1	3	1	1	697	375	596	357	356	
2170	3	1	3	1	1	696	376	595	358	357	
2171	3	1	3	1	1	695	377	594	359	358	
2172	3	1	3	1	1	694	378	593	360	359	
2173	3	1	3	1	1	693	379	592	361	360	
2174	3	1	3	2	1	692	380	591	413	361	
2175	3	1	3	2	2	691	381	590	417	413	
2176	2	1	3	2	2	766	382	589	421	417	
2177	2	1	3	2	2	770	383	588	425	421	
2178	2	1	3	2	2	774	384	587	429	425	
2179	2	1	3	2	2	778	385	586	433	429	
2180	2	1	2	2	2	782	386	614	437	433	
2181	2	2	2	2	2	786	414	620	441	437	
2182	2	2	2	2	2	790	418	626	445	441	
2183	2	2	2	2	2	794	422	632	449	445	
2184	2	2	2	2	2	798	426	638	453	449	
2185	2	2	2	2	2	802	430	644	480	453	
2186	2	2	2	2	2	806	434	650	542	480	
2187	2	2	2	2	2	810	438	656	546	542	
2188	2	2	2	2	2	884	442	662	550	546	
2189	2	2	2	2	2	888	446	668	554	550	
2190	2	2	2	2	2	892	450	674	558	554	
2191	2	2	2	2	2	896	454	703	562	558	
2192	2	2	3	2	2	900	516	702	566	562	
2193	2	3	3	2	2	904	515	701	570	566	
2194	2	3	3	2	2	908	514	700	574	570	
2195	2	3	3	2	2	912	513	699	578	574	
2196	2	3	3	2	2	916	512	698	582	578	
2197	2	3	3	2	2	920	511	697	598	582	
2198	2	3	3	2	2	924	510	696	615	598	
2199	2	3	3	2	2	936	509	695	621	615	
2200	3	3	3	2	2	935	508	694	627	621	
2201	3	3	3	2	2	934	507	693	633	627	
2202	3	3	3	2	2	933	506	692	639	633	
2203	3	3	3	2	2	932	505	691	645	639	
2204	3	3	2	2	2	931	504	766	651	645	
2205	3	3	2	2	2	930	503	770	657	651	
2206	3	3	2	2	2	929	502	774	663	657	
2207	3	3	2	2	2	928	501	778	669	663	
2208	2	3	2	2	2	1029	500	782	675	669	
2209	2	3	2	2	2	1035	499	786	704	675	
2210	2	3	2	1	2	1041	498	790	705	704	
2211	2	3	2	1	1	1047	497	794	706	705	
2212	2	3	2	1	1	1053	496	798	707	706	
2213	2	3	2	1	1	1059	495	802	708	707	
2214	2	3	2	1	1	1065	494	806	709	708	
2215	2	3	2	1	1	1071	493	810	710	709	
2216	2	3	2	1	1	1077	492	884	711	710	
2217	2	3	2	1	1	1083	491	888	712	711	
2218	2	3	2	1	1	1089	490	892	713	712	
2219	2	3	2	1	1	1095	489	896	714	713	
2220	2	3	2	1	1	1125	488	900	715	714	
2221	2	3	2	1	1	1131	487	904	716	715	
2222	2	3	2	2	1	1137	486	908	767	716	
2223	2	3	2	2	2	1143	485	912	771	767	
2224	2	3	2	2	2	1149	484	916	775	771	
2225	2	3	2	2	2	1155	483	920	779	775	
2226	2	3	2	2	2	1161	482	924	783	779	
2227	2	3	2	2	2	1167	481	936	787	783	
2228	2	3	3	2	2	1173	480	935	791	787	
2229	2	2	3	2	2	1179	542	934	795	791	
2230	2	2	3	2	2	1185	546	933	799	795	
2231	2	2	3	2	2	1191	550	932	803	799	
2232	1	2	3	2	2	1192	554	931	807	803	
2233	1	2	3	2	2	1193	558	930	846	807	
2234	1	2	3	3	2	1194	562	929	845	846	
2235	1	2	3	3	3	1195	566	928	844	845	
2236	1	2	2	3	3	1196	570	1029	843	844	
2237	1	2	2	3	3	1197	574	1035	842	843	
2238	1	2	2	3	3	1198	578	1041	841	842	
2239	1	2	2	3	3	1199	582	1047	840	841	
2240	1	2	2	3	3	1200	598	1053	839	840	
2241	1	2	2	3	3	1201	615	1059	838	839	
2242	1	2	2	3	3	1202	621	1065	837	838	
2243	1	2	2	3	3	1203	627	1071	836	837	
2244	1	2	2	3	3	1204	633	1077	835	836	
2245	1	2	2	3	3	1205	639	1083	834	835	
2246	1	2	2	2	3	1206	645	1089	885	834	
2247	1	2	2	2	2	1207	651	1095	889	885	
2248	1	2	2	2	2	1208	657	1125	893	889	
2249	1	2	2	2	2	1209	663	1131	897	893	
2250	1	2	2	2	2	1210	669	1137	901	897	
2251	1	2	2	2	2	1211	675	1143	905	901	
2252	0	2	2	2	2	1186	704	1149	909	905	
2253	0	1	2	2	2	1180	705	1155	913	909	
2254	0	1	2	2	2	1174	706	1161	917	913	
2255	2	1	2	2	2	1180	707	1167	921	917	
2256	2	1	2	2	2	1186	708	1173	925	921	
2257	2	1	2	2	2	1211	709	1179	960	925	
2258	1	1	2	3	2	1212	710	1185	959	960	
2259	1	1	2	3	3	1213	711	1191	958	959	
2260	1	1	1	3	3	1214	712	1192	957	958	
2261	1	1	1	3	3	1215	713	1193	956	957	
2262	1	1	1	3	3	1216	714	1194	955	956	
2263	1	1	1	3	3	1217	715	1195	954	955	
2264	1	1	1	3	3	1218	716	1196	953	954	
2265	1	2	1	3	3	1219	767	1197	952	953	
2266	1	2	1	3	3	1220	771	1198	951	952	
2267	1	2	1	3	3	1221	775	1199	950	951	
2268	1	2	1	3	3	1222	779	1200	949	950	
2269	1	2	1	3	3	1223	783	1201	948	949	
2270	0	2	1	2	3	1187	787	1202	1030	948	
2271	0	2	1	2	2	1181	791	1203	1036	1030	
2272	0	2	1	2	2	1175	795	1204	1042	1036	
2273	0	2	1	2	2	1169	799	1205	1048	1042	
2274	0	2	1	2	2	1163	803	1206	1054	1048	
2275	0	2	1	2	2	1157	807	1207	1060	1054	
2276	0	2	1	2	2	1151	846	1208	1066	1060	
2277	0	3	1	2	2	1145	845	1209	1072	1066	
2278	0	3	1	2	2	1139	844	1210	1078	1072	
2279	0	3	1	2	2	1133	843	1211	1084	1078	
2280	0	3	0	2	2	1127	842	1186	1090	1084	
2281	0	3	0	2	2	1097	841	1180	1096	1090	
2282	1	3	0	2	2	1098	840	1174	1126	1096	
2283	1	3	0	2	2	1099	839	1168	1132	1126	
2284	1	3	0	2	2	1100	838	1162	1138	1132	
2285	1	3	0	2	2	1101	837	1156	1144	1138	
2286	1	3	0	2	2	1102	836	1150	1150	1144	
2287	1	3	0	2	2	1103	835	1144	1156	1150	
2288	1	3	0	2	2	1104	834	1138	1162	1156	
2289	1	2	0	2	2	1105	885	1132	1168	1162	
2290	1	2	0	2	2	1106	889	1126	1174	1168	
2291	1	2	0	2	2	1107	893	1096	1180	1174	
2292	1	2	0	2	2	1108	897	1090	1186	1180	
2293	1	2	0	2	2	1109	901	1084	1211	1186	
2294	0	2	0	3	2	1091	905	1078	1210	1211	
2295	0	2	0	3	1	1085	909	1072	1209	1212	
2296	0	2	0	3	1	1079	913	1066	1208	1213	
2297	0	2	0	3	1	1073	917	1060	1207	1214	
2298	0	2	0	3	1	1067	921	1054	1206	1215	
2299	0	2	0	3	1	1061	925	1048	1205	1216	
2300	0	2	0	3	1	1055	960	1042	1204	1217	
2301	0	1	0	3	1	1049	961	1036	1203	1218	
2302	0	1	0	3	1	1043	962	1030	1202	1219	
2303	0	1	0	3	1	1037	963	948	1201	1220	
2304	0	1	1	3	1	1031	964	949	1200	1221	
2305	0	1	1	3	1	972	965	950	1199	1222	
2306	1	1	1	3	1	973	966	951	1198	1223	
2307	1	1	1	3	1	974	967	952	1197	1224	
2308	1	1	1	3	1	975	968	953	1196	1225	
2309	1	1	1	3	1	976	969	954	1195	1226	
2310	1	1	1	3	1	977	970	955	1194	1227	
2311	1	1	1	3	1	978	971	956	1193	1228	
2312	1	1	1	3	1	979	972	957	1192	1229	
2313	1	1	1	3	1	980	973	958	1191	1230	
2314	1	1	1	0	1	981	974	959	1185	1231	
2315	1	1	1	0	1	982	975	960	1179	1232	
2316	1	1	1	0	1	983	976	961	1173	1233	
2317	1	1	1	0	1	984	977	962	1167	1234	
2318	1	1	1	0	1	985	978	963	1161	1235	
2319	1	1	1	0	1	986	979	964	1155	1236	
2320	1	1	1	0	1	987	980	965	1149	1237	
2321	1	1	1	0	1	988	981	966	1143	1238	
2322	1	1	1	0	1	989	982	967	1137	1239	
2323	1	1	1	0	1	990	983	968	1131	1240	
2324	1	1	1	0	1	991	984	969	1125	1241	
2325	1	1	1	0	1	992	985	970	1095	1242	
2326	1	1	1	0	1	993	986	971	1089	1243	
2327	1	1	1	0	1	994	987	972	1083	1244	
2328	1	1	1	0	1	995	988	973	1077	1245	
2329	1	1	1	0	1	996	989	974	1071	1246	
2330	0	1	1	0	1	926	990	975	1065	1247	
2331	0	1	1	0	1	922	991	976	1059	1248	
2332	0	1	1	0	1	918	992	977	1053	1249	
2333	0	1	1	0	1	914	993	978	1047	1250	
2334	0	1	1	0	1	910	994	979	1041	1251	
2335	0	1	1	0	1	906	995	980	1035	1252	
2336	0	1	1	0	1	902	996	981	1029	1253	
2337	0	0	1	0	1	898	926	982	928	1254	
2338	0	0	1	1	1	894	922	983	929	1255	
2339	0	0	1	1	1	890	918	984	930	1256	
2340	0	0	1	1	1	886	914	985	931	1257	
2341	0	0	1	1	1	859	910	986	932	1258	
2342	3	0	1	1	1	858	906	987	933	1259	
2343	3	0	1	1	0	857	902	988	934	1188	
2344	3	0	1	1	0	856	898	989	935	1182	
2345	3	0	1	1	0	855	894	990	936	1176	
2346	3	0	1	1	0	854	890	991	937	1170	
2347	3	0	1	1	0	853	886	992	938	1164	
2348	3	0	1	1	0	852	859	993	939	1158	
2349	3	3	1	1	0	851	858	994	940	1152	
2350	3	3	1	1	0	850	857	995	941	1146	
2351	3	3	1	1	0	849	856	996	942	1140	
2352	3	3	0	1	0	848	855	926	943	1134	
2353	3	3	0	1	0	847	854	922	944	1128	
2354	0	3	0	1	0	808	853	918	945	1122	
2355	0	3	0	1	3	804	852	914	946	1121	
2356	0	3	0	1	3	800	851	910	947	1120	
2357	0	3	0	1	3	796	850	906	948	1119	
2358	0	3	0	1	3	792	849	902	949	1118	
2359	0	3	0	1	3	788	848	898	950	1117	
2360	0	3	0	1	3	784	847	894	951	1116	
2361	0	0	0	1	3	780	808	890	952	1115	
2362	0	0	0	1	3	776	804	886	953	1114	
2363	0	0	0	1	3	772	800	859	954	1113	
2364	0	0	3	1	3	768	796	858	955	1112	
2365	0	0	3	1	3	728	792	857	956	1111	
2366	3	0	3	1	3	727	788	856	957	1110	
2367	3	0	3	1	0	726	784	855	958	1092	
2368	3	0	3	1	0	725	780	854	959	1086	
2369	3	0	3	1	0	724	776	853	960	1080	
2370	3	0	3	0	0	723	772	852	925	1074	
2371	3	0	3	0	0	722	768	851	921	1068	
2372	3	0	3	0	0	721	728	850	917	1062	
2373	3	3	3	0	0	720	727	849	913	1056	
2374	3	3	3	0	0	719	726	848	909	1050	
2375	3	3	3	0	0	718	725	847	905	1044	
2376	3	3	0	0	0	717	724	808	901	1038	
2377	3	3	0	0	0	716	723	804	897	1032	
2378	3	3	0	0	0	715	722	800	893	984	
2379	3	3	0	0	3	714	721	796	889	983	
2380	3	3	0	0	3	713	720	792	885	982	
2381	3	3	0	0	3	712	719	788	834	981	
2382	3	3	0	3	3	711	718	784	833	980	
2383	3	3	0	3	3	710	717	780	832	979	
2384	3	3	0	3	3	709	716	776	831	978	
2385	3	3	0	3	3	708	715	772	830	977	
2386	3	3	0	3	3	707	714	768	829	976	
2387	3	3	0	3	3	706	713	728	828	975	
2388	3	3	3	3	3	705	712	727	827	974	
2389	3	3	3	3	3	704	711	726	826	973	
2390	0	3	3	3	3	675	710	725	825	972	
2391	0	3	3	3	3	669	709	724	824	971	
2392	0	3	3	3	3	663	708	723	823	970	
2393	0	3	3	3	3	657	707	722	822	969	
2394	0	3	3	3	3	651	706	721	821	968	
2395	0	3	3	3	3	645	705	720	820	967	
2396	0	3	3	3	3	639	704	719	819	966	
2397	0	0	3	3	3	633	675	718	818	965	
2398	0	0	3	3	3	627	669	717	817	964	
2399	0	0	3	3	3	621	663	716	816	963	
2400	0	0	3	3	3	615	657	715	815	962	
2401	0	0	3	3	3	598	651	714	814	961	
2402	0	0	3	3	3	582	645	713	813	960	
2403	0	0	3	3	0	578	639	712	812	925	
2404	0	0	3	3	0	574	633	711	811	921	
2405	0	0	3	3	0	570	627	710	810	917	
2406	0	0	3	0	0	566	621	709	806	913	
2407	0	0	3	0	0	562	615	708	802	909	
2408	0	0	3	0	0	558	598	707	798	905	
2409	0	0	3	0	0	554	582	706	794	901	
2410	0	0	3	0	0	550	578	705	790	897	
2411	0	0	3	0	0	546	574	704	786	893	
2412	0	0	0	0	0	542	570	675	782	889	
2413	0	0	0	0	0	480	566	669	778	885	
2414	0	0	0	0	0	453	562	663	774	834	
2415	0	0	0	0	3	449	558	657	770	833	
2416	0	0	0	0	3	445	554	651	766	832	
2417	0	0	0	0	3	441	550	645	691	831	
2418	0	0	0	0	3	437	546	639	673	830	
2419	0	0	0	0	3	433	542	633	667	829	
2420	0	0	0	0	3	429	480	627	661	828	
2421	0	0	0	0	3	425	453	621	655	827	
2422	0	0	0	0	3	421	449	615	649	826	
2423	0	0	0	0	3	417	445	598	643	825	
2424	0	0	0	0	3	413	441	582	637	824	
2425	0	0	0	0	3	361	437	578	631	823	
2426	1	0	0	0	3	362	433	574	625	822	
2427	1	0	0	0	3	363	429	570	619	821	
2428	1	0	0	0	3	364	425	566	613	820	
2429	1	0	0	0	3	365	421	562	585	819	
2430	1	0	0	0	3	366	417	558	581	818	
2431	1	0	0	0	3	367	413	554	577	817	
2432	1	0	0	0	3	368	361	550	573	816	
2433	1	1	0	0	3	369	362	546	569	815	
2434	1	1	0	0	3	370	363	542	565	814	
2435	1	1	0	0	3	371	364	480	561	813	
2436	1	1	1	0	3	372	365	481	557	812	
2437	1	1	1	0	3	373	366	482	553	811	
2438	0	1	1	0	3	332	367	483	549	810	
2439	0	1	1	0	0	326	368	484	545	806	
2440	0	1	1	0	0	320	369	485	541	802	
2441	0	1	1	0	0	314	370	486	456	798	
2442	0	1	1	1	0	308	371	487	457	794	
2443	0	1	1	1	0	302	372	488	458	790	
2444	0	1	1	1	0	296	373	489	459	786	
2445	0	0	1	1	0	290	332	490	460	782	
2446	0	0	1	1	0	284	326	491	461	778	
2447	0	0	1	1	0	278	320	492	462	774	
2448	0	0	1	1	0	272	314	493	463	770	
2449	0	0	1	1	0	266	308	494	464	766	
2450	0	0	1	1	0	260	302	495	465	691	
2451	0	0	1	1	0	254	296	496	466	673	
2452	0	0	1	1	0	248	290	497	467	667	
2453	0	0	1	1	0	189	284	498	468	661	
2454	3	0	1	1	0	188	278	499	469	655	
2455	3	0	1	1	0	187	272	500	470	649	
2456	3	0	1	1	0	186	266	501	471	643	
2457	3	0	1	1	0	185	260	502	472	637	
2458	3	0	1	1	0	184	254	503	473	631	
2459	3	0	1	1	0	183	248	504	474	625	
2460	3	0	1	1	0	182	189	505	475	619	
2461	3	3	1	1	0	181	188	506	476	613	
2462	3	3	1	1	0	180	187	507	477	585	
2463	3	3	1	1	0	179	186	508	478	581	
2464	3	3	1	1	0	178	185	509	479	577	
2465	3	3	1	1	0	177	184	510	480	573	
2466	3	3	1	2	0	176	183	511	542	569	
2467	3	3	1	2	0	175	182	512	546	565	
2468	3	3	1	2	0	174	181	513	550	561	
2469	3	3	1	2	0	173	180	514	554	557	
2470	3	3	1	2	0	172	179	515	558	553	
2471	3	3	1	2	0	171	178	516	562	549	
2472	3	3	0	2	0	170	177	454	566	545	
2473	3	3	0	2	0	169	176	450	570	541	
2474	3	3	0	2	0	168	175	446	574	456	
2475	3	3	0	2	0	167	174	442	578	452	
2476	3	3	0	2	0	166	173	438	582	448	
2477	3	3	0	2	0	165	172	434	598	444	
2478	3	3	0	3	0	164	171	430	597	440	
2479	3	3	0	3	0	163	170	426	596	436	
2480	3	3	0	3	0	162	169	422	595	432	
2481	3	3	0	3	0	161	168	418	594	428	
2482	3	3	0	3	0	160	167	414	593	424	
2483	3	3	0	3	0	159	166	386	592	420	
2484	3	3	3	3	0	158	165	385	591	416	
2485	3	3	3	3	0	157	164	384	590	412	
2486	3	3	3	3	0	156	163	383	589	348	
2487	3	3	3	3	3	155	162	382	588	347	
2488	3	3	3	3	3	154	161	381	587	346	
2489	3	3	3	3	3	153	160	380	586	345	
2490	3	3	3	2	3	152	159	379	614	344	
2491	3	3	3	2	3	151	158	378	620	343	
2492	3	3	3	2	3	150	157	377	626	342	
2493	3	3	3	2	3	149	156	376	632	341	
2494	3	3	3	2	3	148	155	375	638	340	
2495	3	3	3	2	3	147	154	374	644	339	
2496	3	3	0	2	3	146	153	333	650	338	
2497	3	3	0	2	3	145	152	327	656	337	
2498	0	3	0	2	3	139	151	321	662	336	
2499	0	3	0	2	3	133	150	315	668	411	
2500	0	3	0	2	3	127	149	309	674	410	
2501	0	3	0	2	3	121	148	303	703	409	
2502	0	3	0	3	3	115	147	297	702	408	
2503	0	3	0	3	3	109	146	291	701	407	
2504	0	3	0	3	3	103	145	285	700	406	
2505	0	1	2	1	1	97	146	291	701	407	
